ERROR	DESC	Prio	CustPrio	EVENT	LOG		
ACK				sanchez.gtm.merror.ack	0		
ACTLSTEXP	Actual list expected	3	400	sanchez.gtm.merror.actlstexp	1		
ACTLSTTOOLONG	More actual parameters than formal parameters: !AD	3	400	sanchez.gtm.merror.actlsttoolong	1		
ACTNOIMP	Alternative collation type not implemented	3	400	sanchez.gtm.merror.actnoimp	1		
ACTOFFSET	Actuallist not allowed with offset	3	400	sanchez.gtm.merror.actoffset	1		
ACTRANGE	Alternate Collating Type !UL is out of range	3	400	sanchez.gtm.merror.actrange	1		
ADDRTOOLONG	Address too long.	3	400	sanchez.gtm.merror.addrtoolong	1		
AMBISYIPARAM	Parameter !AD is ambiguous to $ZGETSYI	3	400	sanchez.gtm.merror.ambisyiparam	1		
ASSERT	Assert failed !AD line !UL	3	400	sanchez.gtm.merror.assert	0		
BACKUPCTRL	"Control Y or control C encountered during backup, aborting backup"	3	400	sanchez.gtm.merror.backupctrl	0		
BADACCMTHD	"Invalid access method was specified, file not created"	3	400	sanchez.gtm.merror.badaccmthd	0		
BADDBVER	Incorrect database version.  !AD	3	400	sanchez.gtm.merror.baddbver	1		
BADGTMNETMSG	"Invalid message sent to GT.CM server, type: !XB"	3	400	sanchez.gtm.merror.badgtmnetmsg	1		
BADJPIPARAM	 !AD is not a legal parameter to $ZGETJPI	3	400	sanchez.gtm.merror.badjpiparam	1		
BADLKIPARAM	!AD is not a legal parameter to $ZGETLKI	3	400	sanchez.gtm.merror.badlkiparam	1		
BADQUAL	Unrecognized qualifier: !AD	3	400	sanchez.gtm.merror.badqual	1
BADSRVRNETMSG	Invalid message received from GT.CM server	3	400	sanchez.gtm.merror.badsrvrnetmsg	1
BADSYIPARAM	 !AD is not a legal parameter to $ZGETSYI	3	400	sanchez.gtm.merror.badsyiparam	1
BADTRNPARAM	 !AD is not a legal parameter to $ZTRNLNM	3	400	sanchez.gtm.merror.badtrnparam	1
BEGINST	Beginning LOAD at #!UL	3	400	sanchez.gtm.merror.beginst	0
BFRQUALREQ	The [NO]BEFORE qualifier is required for this command	3	400	sanchez.gtm.merror.bfrqualreq	1
BINHDR	!AD!/!/Date: !AD!/Time: !AD!/Extract Region Characteristics!/!_Blk Size: !AD!/!_Rec Size: !AD!/!_Key Size: !AD!/!AD!/	3	400	sanchez.gtm.merror.binhdr	0
BINSTATS	!AD:!_  Key cnt: !UL  max record size: !UL	3	400	sanchez.gtm.merror.binstats	0
BITMAPSBAD	Database bit maps are incorrect	3	400	sanchez.gtm.merror.bitmapsbad	1
BLKCNT	Last LOAD Block/RMS Record number: !UL	3	400	sanchez.gtm.merror.blkcnt	0
BLKSIZROU	Block size !UL has been rounded to !UL	3	400	sanchez.gtm.merror.blksizrou	0
BLKTOODEEP	Block level too deep	3	400	sanchez.gtm.merror.blktoodeep	1
BREAK	Break instruction encountered	3	400	sanchez.gtm.merror.break	0
BREAKDEA	Break instruction encountered during Device error action	3	400	sanchez.gtm.merror.breakdea	0
BREAKZBA	Break instruction encountered during ZBREAK action	3	400	sanchez.gtm.merror.breakzba	0
BREAKZST	Break instruction encountered during ZSTEP action	3	400	sanchez.gtm.merror.breakzst	0
BTFAIL	The database block table is corrupt.	3	400	sanchez.gtm.merror.btfail	1
BUFFLUFAIL	Utility could not complete flushing of buffers	3	400	sanchez.gtm.merror.bufflufail	1
BUFRDTIMEOUT	Waited too long for buffer to be read into. Region: !AD	3	400	sanchez.gtm.merror.bufrdtimeout	1
CALLERID	Routine !AD was called from !XL	3	400	sanchez.gtm.merror.callerid	0
CCEBADFN	Filename error	3	400	sanchez.gtm.merror.ccebadfn	1
CCEBGONLY	Only BG databases may be made clustered	3	400	sanchez.gtm.merror.ccebgonly	1
CCECCPPID	The cluster control program has pid !XL	3	400	sanchez.gtm.merror.cceccppid	0
CCECLSTPRCS	!UL processes are accessing clustered databases	3	400	sanchez.gtm.merror.cceclstprcs	0
CCEDBCL	Database !AD is clustered	3	400	sanchez.gtm.merror.ccedbcl	0
CCEDBDUMP	Section !AD dumped.	3	400	sanchez.gtm.merror.ccedbdump	0
CCEDBNODUMP	Section !AD not dumped.  Status =	3	400	sanchez.gtm.merror.ccedbnodump	0
CCEDBNTCL	Database !AD is not clustered	3	400	sanchez.gtm.merror.ccedbntcl	0
CCEDMPQUALREQ	"A qualifier (DB,[NO]ON, or NOW) is required with the DUMP command"	3	400	sanchez.gtm.merror.ccedmpqualreq	1
CCEDUMPNOW		3	400	sanchez.gtm.merror.ccedumpnow	0
CCEDUMPOFF		3	400	sanchez.gtm.merror.ccedumpoff	0
CCEDUMPON		3	400	sanchez.gtm.merror.ccedumpon	0
CCENOCCP	The cluster control program is not running on this node	3	400	sanchez.gtm.merror.ccenoccp	0
CCENOGROUP	"CCE does not have GROUP privilege, information may be incomplete"	3	400	sanchez.gtm.merror.ccenogroup	0
CCENOSYSLCK	"CCE does not have SYSLCK privilege, information may be incomplete"	3	400	sanchez.gtm.merror.ccenosyslck	0
CCENOWORLD	"CCE does not have WORLD privilege, information may be incomplete"	3	400	sanchez.gtm.merror.ccenoworld	0
CCERDERR	Error reading from database !AD	3	400	sanchez.gtm.merror.ccerderr	1
CCERDTIMOUT	"Read timeout, CCP has not responded to request"	3	400	sanchez.gtm.merror.ccerdtimout	1
CCEWRTERR	Error writing to database !AD	3	400	sanchez.gtm.merror.ccewrterr	1
CCPBADMSG	Invalid message code received by Cluster Control Program	3	400	sanchez.gtm.merror.ccpbadmsg	1
CCPGRP	Error with the Cluster Control Program's group number	3	400	sanchez.gtm.merror.ccpgrp	0
CCPINTQUE	Interlock failure accessing Cluster Control Program queue	3	400	sanchez.gtm.merror.ccpintque	1
CCPJNLOPNERR	Error opening journal file.  Database not opened.	3	400	sanchez.gtm.merror.ccpjnlopnerr	1
CCPMBX	Error accessing Cluster Control Program Mailbox	3	400	sanchez.gtm.merror.ccpmbx	1
CCPNAME	Error setting the Cluster Control Program process name	3	400	sanchez.gtm.merror.ccpname	0
CCPNOTFND	The Cluster Control Program is not responding.	3	400	sanchez.gtm.merror.ccpnotfnd	1
CCPSIGCONT	"CCP non fatal error at pc !XL, continuing operation:"	3	400	sanchez.gtm.merror.ccpsigcont	0
CCPSIGDMP	"CCP non fatal dump, continuing operation - Report to Greystone Software Technology"	3	400	sanchez.gtm.merror.ccpsigdmp	0
CEBIGSKIP	Compiler escape user routine skip count is too large	3	400	sanchez.gtm.merror.cebigskip	1
CENOINDIR	Indirection type information not available for compiler escape feature	3	400	sanchez.gtm.merror.cenoindir	1
CETOOLONG	Compiler escape substitution exceeds maximum line size	3	400	sanchez.gtm.merror.cetoolong	1
CETOOMANY	Too many compiler escape substitutions in a single statement	3	400	sanchez.gtm.merror.cetoomany	1
CEUSRERROR	Compiler escape user routine returned error code !UL	3	400	sanchez.gtm.merror.ceusrerror	1
CLSTCONFLICT	"Cluster conflict opening database file !AD , could not secure access. Already open on node !AD"	3	400	sanchez.gtm.merror.clstconflict	1
CMD	Command expected but not found	3	400	sanchez.gtm.merror.cmd	1
CNOTONSYS	Command is not supported by this operating system	3	400	sanchez.gtm.merror.cnotonsys	1
COLLATIONUNDEF	Collation type !UL is not defined	3	400	sanchez.gtm.merror.collationundef	1
COLLDATAEXISTS	Collation type may not be changed while data exists	3	400	sanchez.gtm.merror.colldataexists	1
COLLTYPVERSION	"Collation type !UL, version !UL mismatch"	3	400	sanchez.gtm.merror.colltypversion	1
COLON	Colon (:) expected in this context	3	400	sanchez.gtm.merror.colon	1
COMMA	Comma expected in this context	3	400	sanchez.gtm.merror.comma	1
COMMAORRPARENEXP	Comma or right parenthesis expected but not found	3	400	sanchez.gtm.merror.commaorrparenexp	1
COMMENT	Comment line. Placed zbreak at next line	3	400	sanchez.gtm.merror.comment	0
COMPILEQUALS	Error in compiler qualifiers: !AD	3	400	sanchez.gtm.merror.compilequals	1
CORRUPT	"Corrupt input in Blk # !UL, Key #!UL; resuming with next global block."	3	400	sanchez.gtm.merror.corrupt	1
CPBEYALLOC	Attempt to copy beyond the allocated buffer	3	400	sanchez.gtm.merror.cpbeyalloc	1
CRITRESET	The critical section crash count for region !AD has been incremented	3	400	sanchez.gtm.merror.critreset	1
CRITSEMFAIL	Error with semaphores for region !AD	3	400	sanchez.gtm.merror.critsemfail	1
CTLMNEMAXLEN	The maximum length of a control mnemonic has been exceeded	3	400	sanchez.gtm.merror.ctlmnemaxlen	1
CTLMNEXPECTED	Control mnemonic is expected in this context	3	400	sanchez.gtm.merror.ctlmnexpected	1
CTRAP	Character trap $C(!UL) encountered.	3	400	sanchez.gtm.merror.ctrap	1
CTRLC	CTRL_C encountered.	3	400	sanchez.gtm.merror.ctrlc	0
CTRLY	User interrupt encountered.	3	400	sanchez.gtm.merror.ctrly	0
DBADDRANGE	Database file !AD: control !XL was outside !AD range !XL to !XL	3	400	sanchez.gtm.merror.dbaddrange	0
DBBLEVMN	!6XL         Block level less than zero	3	400	sanchez.gtm.merror.dbblevmn	0
DBBLEVMX	!6XL         Block level higher than maximum	3	400	sanchez.gtm.merror.dbblevmx	0
DBBMBARE	!6XL         Bit map does not protect itself	3	400	sanchez.gtm.merror.dbbmbare	0
DBBMINV	!6XL         Bit map contains an invalid pattern	3	400	sanchez.gtm.merror.dbbminv	0
DBBMLEVL	!6XL         Bit map has incorrect level	3	400	sanchez.gtm.merror.dbbmlevl	0
DBBMMSTR	!6XL         Bit map does not match master map	3	400	sanchez.gtm.merror.dbbmmstr	0
DBBMSIZE	!6XL         Bit map has incorrect size	3	400	sanchez.gtm.merror.dbbmsize	0
DBBSIZMN	!6XL         Block too small	3	400	sanchez.gtm.merror.dbbsizmn	0
DBBSIZMX	!6XL         Block larger than file block size	3	400	sanchez.gtm.merror.dbbsizmx	0
DBCCERR	Interlock instruction failure in critical mechanism for region !AD	3	400	sanchez.gtm.merror.dbccerr	1
DBCMPBAD	!6XL !6XL  Compression count not maximal	3	400	sanchez.gtm.merror.dbcmpbad	0
DBCMPMX	!6XL !6XL  Record has too large compression count	3	400	sanchez.gtm.merror.dbcmpmx	0
DBCMPNZRO	!6XL !6XL  First record of block has nonzero compression count	3	400	sanchez.gtm.merror.dbcmpnzro	0
DBCMPZERO	!6XL !6XL  Record after the first has zero compression count outside the directory	3	400	sanchez.gtm.merror.dbcmpzero	0
DBCNTRLERR	Database file !AD: control error suspected but not found	3	400	sanchez.gtm.merror.dbcntrlerr	0
DBCREIMC	Database creation was interrupted.  File not complete.  !AD	3	400	sanchez.gtm.merror.dbcreimc	1
DBCRERR	"Database file !AD: cache record !XL error: !AD was !XL, expecting !XL"	3	400	sanchez.gtm.merror.dbcrerr	0
DBCRPT	Database is flagged corrupt. !AD	3	400	sanchez.gtm.merror.dbcrpt	1
DBFHEADERR	Database file !AD: control problem: !AD was !XL expecting !XL	3	400	sanchez.gtm.merror.dbfheaderr	0
DBFILERR	Error with database file. !AD	3	400	sanchez.gtm.merror.dbfilerr	1
DBFILOPERR	Error doing database io to region !AD	3	400	sanchez.gtm.merror.dbfiloperr	1
DBGDERR	Database file(s) not created due to global directory errors	3	400	sanchez.gtm.merror.dbgderr	0
DBKEYMN	!6XL !6XL  Key too short	3	400	sanchez.gtm.merror.dbkeymn	0
DBKEYMX	!6XL !6XL  Key too long	3	400	sanchez.gtm.merror.dbkeymx	0
DBKEYORD	!6XL !6XL  Keys not in order	3	400	sanchez.gtm.merror.dbkeyord	0
DBNOCRE	"Not all specified databases, or their associated journal files were created"	3	400	sanchez.gtm.merror.dbnocre	1
DBNOFILEOPN	No database file has been successfully opened.	3	400	sanchez.gtm.merror.dbnofileopn	0
DBNOTGDS	Unrecognized database file format.  !AD	3	400	sanchez.gtm.merror.dbnotgds	1
DBOPNCLSTCNFLCT	"Cluster conflict opening database file !AD, already open on node !AD."	3	400	sanchez.gtm.merror.dbopnclstcnflct	1
DBOPNERR	Error opening database file. !AD	3	400	sanchez.gtm.merror.dbopnerr	1
DBPRIVERR	No privilege for attempted update operation for file:  !AD	3	400	sanchez.gtm.merror.dbpriverr	1
DBPTRMAP	!6XL !6XL  Block pointer is a bit map block number	3	400	sanchez.gtm.merror.dbptrmap	0
DBPTRMX	!6XL !6XL  Block pointer larger than file maximum	3	400	sanchez.gtm.merror.dbptrmx	0
DBPTRNOTPOS	!6XL !6XL  Block pointer less than or equal to zero	3	400	sanchez.gtm.merror.dbptrnotpos	0
DBQUELINK	"Database file !AD: control !AD queue problem: was !XL, expecting !XL"	3	400	sanchez.gtm.merror.dbquelink	0
DBRDERR	Cannot read database file after opening. !AD	3	400	sanchez.gtm.merror.dbrderr	1
DBRDONLY	Database !AD read only	3	400	sanchez.gtm.merror.dbrdonly	1
DBREMOTE	Database region !AD is remote; perform maintenance on the server node	3	400	sanchez.gtm.merror.dbremote	1
DBROOTBURN	!6XL         Root block has data level	3	400	sanchez.gtm.merror.dbrootburn	0
DBROOTSUBSC	!6XL !6XL  Root block contains non name-level entries	3	400	sanchez.gtm.merror.dbrootsubsc	0
DBRSIZMN	!6XL !6XL  Record too small	3	400	sanchez.gtm.merror.dbrsizmn	0
DBRSIZMX	!6XL !6XL  Record too large	3	400	sanchez.gtm.merror.dbrsizmx	0
DBSTARCMP	!6XL !6XL  Star record has nonzero compression count	3	400	sanchez.gtm.merror.dbstarcmp	0
DBSTARSIZ	!6XL !6XL  Star record has wrong size	3	400	sanchez.gtm.merror.dbstarsiz	0
DELIMSIZNA	Delimiter size is not appropriate.	3	400	sanchez.gtm.merror.delimsizna	1
DEVPARINAP	Device parameter inappropriate to this command	3	400	sanchez.gtm.merror.devparinap	1
DEVPARMNEG	Device parameter may not be a negative value	3	400	sanchez.gtm.merror.devparmneg	1
DEVPARPROT	The protection specification is invalid	3	400	sanchez.gtm.merror.devparprot	1
DEVPARTOOBIG	String device parameter is over 255 characters	3	400	sanchez.gtm.merror.devpartoobig	1
DEVPARUNK	Device parameter unknown	3	400	sanchez.gtm.merror.devparunk	1
DEVPARVALREQ	A value is required for this device parameter	3	400	sanchez.gtm.merror.devparvalreq	1
DIRONLY	Directories only are allowed in file specs: !AD	3	400	sanchez.gtm.merror.dironly	1
DIVZERO	Attempt to divide by zero	3	400	sanchez.gtm.merror.divzero	1
DLRCTOOBIG	!_!AD!/!_!_!_dollar c value may not be greater than 255	3	400	sanchez.gtm.merror.dlrctoobig	0
DLRCUNXEOR	!_!AD!/!_!_!_unexpected end of record in dollar c subscript	3	400	sanchez.gtm.merror.dlrcunxeor	0
DSEBLKRDFAIL	Failed attempt to read block	3	400	sanchez.gtm.merror.dseblkrdfail	1
DSEBLKWTFAIL	Failed attempt to write block	3	400	sanchez.gtm.merror.dseblkwtfail	1
DSEFAIL	DSE failed. Failure code: !AD	3	400	sanchez.gtm.merror.dsefail	1
DSEINVLCLUSFN	Specified function is invalid for clustered databases.	3	400	sanchez.gtm.merror.dseinvlclusfn	0
DSENOTBG	Access method is not Buffered Global	3	400	sanchez.gtm.merror.dsenotbg	1
DSEONLYBGMMFLU	Only BG/MM regions may be flushed.	3	400	sanchez.gtm.merror.dseonlybgmmflu	0
DSEWCINITCON	"No action taken, enter YES at CONFIRMATION prompt to initialize global buffers"	3	400	sanchez.gtm.merror.dsewcinitcon	0
DVIKEYBAD	"$ZGETDVI(""!AD"",""!AD"") contains an illegal keyword."	3	400	sanchez.gtm.merror.dvikeybad	1
ENQ		3	400	sanchez.gtm.merror.enq	0
EORNOTFND	!_!AD!/!_!_!_End of record not found	3	400	sanchez.gtm.merror.eornotfnd	0
EQUAL	Equal sign expected but not found	3	400	sanchez.gtm.merror.equal	1
ERRCALL	Error called from !AD line !UL	3	400	sanchez.gtm.merror.errcall	1
ERRORSUMMARY	Errors occured during compilation	3	400	sanchez.gtm.merror.errorsummary	1
ERRWEXC	!_Error while processing exception string	3	400	sanchez.gtm.merror.errwexc	1
ERRWIOEXC	!_Error while processing IO exception string	3	400	sanchez.gtm.merror.errwioexc	1
ERRWZBRK	!_Error while processing ZBREAK action string	3	400	sanchez.gtm.merror.errwzbrk	1
ERRWZTRAP	!_Error while processing $ZTRAP	3	400	sanchez.gtm.merror.errwztrap	1
EXPR	Expression expected but not found	3	400	sanchez.gtm.merror.expr	1
EXTCALLRET	Error return status from external call !AD	3	400	sanchez.gtm.merror.extcallret	1
EXTGBLDEL	Invalid delimiter for extended global syntax	3	400	sanchez.gtm.merror.extgbldel	1
EXTRACTCTRLY	"User interrupt encountered during extract, halting"	3	400	sanchez.gtm.merror.extractctrly	0
EXTRACTFILERR	Error with extract file !AD	3	400	sanchez.gtm.merror.extractfilerr	1
EXTRFMT	"Extract error: bad format type. Must be ZWR, GO, or BINARY"	3	400	sanchez.gtm.merror.extrfmt	0
EXTSRCLIN	!_!AD!/!_!AD	3	400	sanchez.gtm.merror.extsrclin	0
EXTSRCLOC	"!_!_At column !UL, line !UL, source module !AD"	3	400	sanchez.gtm.merror.extsrcloc	0
FCHARMAXARGS	Argument count of $CHAR function exceeded the maximum of 256	3	400	sanchez.gtm.merror.fcharmaxargs	1
FCNSVNEXPECTED	Function or special varible expected in this context	3	400	sanchez.gtm.merror.fcnsvnexpected	1
FILEIDMATCH	Saved File ID does not match the current ID - the file appears to have been moved	3	400	sanchez.gtm.merror.fileidmatch	1
FILENOTFND	File !AD not found.	3	400	sanchez.gtm.merror.filenotfnd	1
FILEPARSE	Error parsing file specification: !AD	3	400	sanchez.gtm.merror.fileparse	1
FMLLSTMISSING	The formal list is absent from a label called with an actual list: !AD	3	400	sanchez.gtm.merror.fmllstmissing	1
FMLLSTPRESENT	The actual list is absent from a call to a label with a formal list: !AD	3	400	sanchez.gtm.merror.fmllstpresent	1
FNARGINC	"Format specifiers to $FNUMBER are incompatable: ""!AD"""	3	400	sanchez.gtm.merror.fnarginc	1
FNNAMENEG	Depth argument to $NAME cannot be negative	3	400	sanchez.gtm.merror.fnnameneg	1
FNOTONSYS	Function or special variable is not supported by this operating system	3	400	sanchez.gtm.merror.fnotonsys	1
FNUMARG	"$FNUMBER format specifier ""!AD"" contains an illegal character: ""!AD"""	3	400	sanchez.gtm.merror.fnumarg	1
FORCEDHALT	Image HALTed by MUPIP STOP.	3	400	sanchez.gtm.merror.forcedhalt	0
FOROFLOW	FOR commands nested too deeply	3	400	sanchez.gtm.merror.foroflow	1
FREEZE	Region:  !AD is already frozen	3	400	sanchez.gtm.merror.freeze	0
FREEZECTRL	"Control Y or control C encountered during freeze, aborting freeze"	3	400	sanchez.gtm.merror.freezectrl	0
FREEZEID	Cache freeze by pid 0x!XL with image count 0x!XL from the routine 0x!XL.	3	400	sanchez.gtm.merror.freezeid	0
FSEXP	File specification expected but not found	3	400	sanchez.gtm.merror.fsexp	1
GBLNAME	Either an identifier or a left parenthesis is expected after a ^ in this context	3	400	sanchez.gtm.merror.gblname	1
GBLOFLOW	Data base segment is full	3	400	sanchez.gtm.merror.gbloflow	1
GDINVALID	Unrecognized Global Directory file format:  !AD	3	400	sanchez.gtm.merror.gdinvalid	1
GOQPREC	"Numeric precision in key error:  Blk #!UL, Key #!UL.  Record not loaded."	3	400	sanchez.gtm.merror.goqprec	0
GTMASSERT	!AD - Assert failed !AD line !UL	3	400	sanchez.gtm.merror.gtmassert	0
GTMCHECK	Internal GT.M error--Report to Greystone Software Technology	3	400	sanchez.gtm.merror.gtmcheck	0
GTMDUMPFAIL	Could not create DUMP FILE	3	400	sanchez.gtm.merror.gtmdumpfail	1
GTMSECSHR	Error while sending message to gtmsecshr	3	400	sanchez.gtm.merror.gtmsecshr	0
GTMSECSHRSRVF_FILE	Service Request !AD failed	3	400	sanchez.gtm.merror.gtmsecshrsrvf_file	0
GTMSECSHRSRVF_ID	Service Request !UL failed	3	400	sanchez.gtm.merror.gtmsecshrsrvf_id	0
GVDATAFAIL	Global variable $DATA function failed. Failure code: !AD	3	400	sanchez.gtm.merror.gvdatafail	1
GVGETFAIL	Global variable retrieval failed. Failure code: !AD	3	400	sanchez.gtm.merror.gvgetfail	1
GVINVALID	!_!AD!/!_!_!_Invalid global name	3	400	sanchez.gtm.merror.gvinvalid	0
GVIS	!_!_Global variable : !AD	3	400	sanchez.gtm.merror.gvis	0
GVKILLFAIL	Global variable kill failed. Failure code: !AD	3	400	sanchez.gtm.merror.gvkillfail	1
GVNAKED	Illegal naked global reference	3	400	sanchez.gtm.merror.gvnaked	1
GVNAKEDEXTNM	Cannot reference different global directory in a naked reference.	3	400	sanchez.gtm.merror.gvnakedextnm	1
GVNEXTARG	Argument to global variable $NEXT must be subscripted	3	400	sanchez.gtm.merror.gvnextarg	1
GVORDERFAIL	Global variable $ORDER or $NEXT function failed. Failure code: !AD	3	400	sanchez.gtm.merror.gvorderfail	1
GVPUTFAIL	Global variable put failed. Failure code: !AD	3	400	sanchez.gtm.merror.gvputfail	1
GVQUERYFAIL	Global variable $QUERY function failed. Failure code: !AD	3	400	sanchez.gtm.merror.gvqueryfail	1
GVREPLERR	Error replicating global in region !AD	3	400	sanchez.gtm.merror.gvreplerr	1
GVRUNDOWN	Error during global database rundown.	3	400	sanchez.gtm.merror.gvrundown	1
GVSUBOFLOW	Maximum combined length of subscripts exceeded	3	400	sanchez.gtm.merror.gvsuboflow	1
GVUNDEF	Global variable undefined: !AD	3	400	sanchez.gtm.merror.gvundef	1
GVZPREVFAIL	Global variable $ZPREVIOUS function failed. Failure code: !AD	3	400	sanchez.gtm.merror.gvzprevfail	1
HTOFLOW	"Hash table overflow, local or region name space exceeded"	3	400	sanchez.gtm.merror.htoflow	1
IFBADPARM	External Interface Bad Parameter	3	400	sanchez.gtm.merror.ifbadparm	1
IFNOTINIT	External Interface must First call GTM$INIT or M routine	3	400	sanchez.gtm.merror.ifnotinit	1
ILLPATCODEREDEF	Attempt to redefine patcode A or E in !AD	3	400	sanchez.gtm.merror.illpatcoderedef	1
INDEXTRACHARS	Indirection string contains extra trailing characters	3	400	sanchez.gtm.merror.indextrachars	1
INDMAXNEST	Maximum nesting of indirection expressions exceeded	3	400	sanchez.gtm.merror.indmaxnest	1
INDRMAXLEN	Maximum length of an indirection argument was exceeded	3	400	sanchez.gtm.merror.indrmaxlen	1
INSFFBCNT	Insufficient byte count quota left for requested operation	3	400	sanchez.gtm.merror.insffbcnt	1
INTEGERRS	Database integrity errors	3	400	sanchez.gtm.merror.integerrs	1
INVACCMETHOD	Invalid access method	3	400	sanchez.gtm.merror.invaccmethod	0
INVADDRSPEC	Invalid IP address specification	3	400	sanchez.gtm.merror.invaddrspec	1
INVALIDRIP	Invalid RIP field in Cache Record. Resetting and continuing. Region: !AD	3	400	sanchez.gtm.merror.invalidrip	1
INVBITLEN	Invalid size of the bit string	3	400	sanchez.gtm.merror.invbitlen	1
INVBITPOS	Invalid position in the bit string	3	400	sanchez.gtm.merror.invbitpos	1
INVBITSTR	Invalid bit string	3	400	sanchez.gtm.merror.invbitstr	1
INVCMD	Invalid command keyword encountered	3	400	sanchez.gtm.merror.invcmd	1
INVCTLMNE	Invalid control mnemonics.	3	400	sanchez.gtm.merror.invctlmne	1
INVFCN	Invalid function name	3	400	sanchez.gtm.merror.invfcn	1
INVMVXSZ	Invalid block size for GOQ load format.	3	400	sanchez.gtm.merror.invmvxsz	0
INVNETFILNM	Invalid file name following node designation in global directory	3	400	sanchez.gtm.merror.invnetfilnm	1
INVOBJ	Cannot ZLINK object file due to unexpected format	3	400	sanchez.gtm.merror.invobj	1
INVPORTSPEC	Invalid port specification	3	400	sanchez.gtm.merror.invportspec	1
INVSPECREC	Invalid global modifier record	3	400	sanchez.gtm.merror.invspecrec	1
INVSTRLEN	Invalid string length !UL: max !UL	3	400	sanchez.gtm.merror.invstrlen	1
INVSVN	Invalid special variable name	3	400	sanchez.gtm.merror.invsvn	1
INVZSTEP	Invalid ZSTEP qualifier	3	400	sanchez.gtm.merror.invzstep	1
IOEOF	Attempt to read past an end-of-file	3	400	sanchez.gtm.merror.ioeof	1
IONOTOPEN	Attempt to USE an I/O device which has not been opened	3	400	sanchez.gtm.merror.ionotopen	1
IORUNDOWN	Error during image rundown.	3	400	sanchez.gtm.merror.iorundown	1
IPADDRREQ	Active connection requires IP address	3	400	sanchez.gtm.merror.ipaddrreq	1
IVTIME	Invalid time specification: !AD	3	400	sanchez.gtm.merror.ivtime	1
JNLACCESS	Error accessing journal file !AD	3	400	sanchez.gtm.merror.jnlaccess	1
JNLALIGN	Journal Record is not aligned	3	400	sanchez.gtm.merror.jnlalign	1
JNLBADLABEL	Specified File does not have a GT.M Journal File Label	3	400	sanchez.gtm.merror.jnlbadlabel	1
JNLBUFFTOOLG	"Journal file buffers !UL is greater than the maximum allowed size of !UL, journal file not created"	3	400	sanchez.gtm.merror.jnlbufftoolg	0
JNLBUFFTOOSM	Journal file buffers !UL is less than minimum of database block size in 512 byte pages + 1 (!UL)	3	400	sanchez.gtm.merror.jnlbufftoosm	0
JNLCLOSE	Error closing journal file: !AD !/Region: !AD	3	400	sanchez.gtm.merror.jnlclose	1
JNLCNTRL	Journal control unsynchronized.  Journalling closed	3	400	sanchez.gtm.merror.jnlcntrl	1
JNLDBERR	Journal file !AD does not correspond to database !AD	3	400	sanchez.gtm.merror.jnldberr	1
JNLERRNOCRE	Journal files were not created for all specified databases	3	400	sanchez.gtm.merror.jnlerrnocre	1
JNLERRNOTCHG	Not all specified databases were changed	3	400	sanchez.gtm.merror.jnlerrnotchg	1
JNLEXTEND	Journal file extension error.  Journal file !AD closed	3	400	sanchez.gtm.merror.jnlextend	1
JNLEXTR	Error writing journal extract file: !AD	3	400	sanchez.gtm.merror.jnlextr	1
JNLFILETOOBIG	Attempt to extend the journal beyond maximum size FAILED	3	400	sanchez.gtm.merror.jnlfiletoobig	1
JNLFILOPN	Error opening journal file !AD !/ Region: !AD	3	400	sanchez.gtm.merror.jnlfilopn	1
JNLFLUSH	Error flushing journal buffers to journal file !AD	3	400	sanchez.gtm.merror.jnlflush	0
JNLINFNOTCHG	Not all specified databases were changed	3	400	sanchez.gtm.merror.jnlinfnotchg	0
JNLINVALID	!AD is not a valid journal file !/ Region: !AD	3	400	sanchez.gtm.merror.jnlinvalid	1
JNLINVALLOC	"Journal file allocation !UL is not within the valid range of !UL to !UL, journal file not created"	3	400	sanchez.gtm.merror.jnlinvalloc	0
JNLINVEXT	"Journal file extension !UL is greater than the maximum allowed size of !UL, journal file not created"	3	400	sanchez.gtm.merror.jnlinvext	0
JNLMEMDSK	Journal file unsynchronized with the journal buffer.  Journalling closed	3	400	sanchez.gtm.merror.jnlmemdsk	1
JNLMOVED	Journal file appears to have been moved	3	400	sanchez.gtm.merror.jnlmoved	1
JNLNAMLEN	Journal file name !AD: for database file !AD exceeds maximum length of !UL	3	400	sanchez.gtm.merror.jnlnamlen	1
JNLOPNERR	Error opening journal file !AD!/  for region !AD	3	400	sanchez.gtm.merror.jnlopnerr	1
JNLPROCSTUCK	Journal file writes blocked by process !XL	3	400	sanchez.gtm.merror.jnlprocstuck	0
JNLRDERR	Error reading journal file !AD: unable to initialize !/ Region: !AD	3	400	sanchez.gtm.merror.jnlrderr	1
JNLREADEOF	Journal File EOF encountered	3	400	sanchez.gtm.merror.jnlreadeof	1
JNLRECFMT	Journal File Record Format Error encountered	3	400	sanchez.gtm.merror.jnlrecfmt	1
JNLRECTYPE	Journal record type does not match expected type	3	400	sanchez.gtm.merror.jnlrectype	1
JNLREQUIRED	Journalling is required for clustered operation with file !AD	3	400	sanchez.gtm.merror.jnlrequired	1
JNLSPACELOW	"Journal file !AD nearing maximum size, !UL blocks to go"	3	400	sanchez.gtm.merror.jnlspacelow	0
JNLTRANSGTR	transaction number in journal is greater than in database	3	400	sanchez.gtm.merror.jnltransgtr	1
JNLTRANSLSS	transaction number in journal is less than in database	3	400	sanchez.gtm.merror.jnltranslss	1
JNLWRERR	Error writing journal file !AD: unable to update header !/ Region: !AD	3	400	sanchez.gtm.merror.jnlwrerr	1
JNLWRNNOCRE	Journal files were not created for all specified databases	3	400	sanchez.gtm.merror.jnlwrnnocre	0
JNLWRNNOTCHG	Not all specified databases were changed	3	400	sanchez.gtm.merror.jnlwrnnotchg	0
JNLWRTDEFER	Journal write start deferred	3	400	sanchez.gtm.merror.jnlwrtdefer	1
JNLWRTNOWWRTR	Journal writer attempting another write	3	400	sanchez.gtm.merror.jnlwrtnowwrtr	1
JOBFAIL	JOB command failure	3	400	sanchez.gtm.merror.jobfail	1
JOBLABOFF	Label and offset not found in created process	3	400	sanchez.gtm.merror.joblaboff	1
JOBPARM	Error accessing job parameters	3	400	sanchez.gtm.merror.jobparm	1
JOBPARNOVAL	This job parameter may not take a value	3	400	sanchez.gtm.merror.jobparnoval	1
JOBPARNUM	The value of this job parameter must be an integer	3	400	sanchez.gtm.merror.jobparnum	1
JOBPARSTR	The value of this job parameter must be a string	3	400	sanchez.gtm.merror.jobparstr	1
JOBPARTOOLONG	Total parameter length is too long for job command	3	400	sanchez.gtm.merror.jobpartoolong	1
JOBPARUNK	Job parameter unknown	3	400	sanchez.gtm.merror.jobparunk	1
JOBPARVALREQ	A value is required for this job parameter	3	400	sanchez.gtm.merror.jobparvalreq	1
JUSTFRACT	Fraction specifier to $JUSTIFY may not be negative	3	400	sanchez.gtm.merror.justfract	1
KEY2BIG	Key size (!UL) is greater than maximum (!UL) for region: !AD	3	400	sanchez.gtm.merror.key2big	1
KEYCNT	!AD:!_  Key cnt: !UL  max subsc len: !UL  max data len: !UL  max rec len: !UL	3	400	sanchez.gtm.merror.keycnt	0
KRNLKILL	Terminated by SIGDANGER from system -- System swap space too low -- Report to System Administrator	3	400	sanchez.gtm.merror.krnlkill	1
LABELEXPECTED	Label expected in this context	3	400	sanchez.gtm.merror.labelexpected	1
LABELMISSING	Label referenced but not defined : !AD	3	400	sanchez.gtm.merror.labelmissing	1
LABELONLY	Routine !AD was compiled for label-only entry.	3	400	sanchez.gtm.merror.labelonly	1
LABELUNKNOWN	Label referenced but not defined	3	400	sanchez.gtm.merror.labelunknown	1
LASTFILCMPLD	The file currently being compiled is !AD.	3	400	sanchez.gtm.merror.lastfilcmpld	0
LCKGONE	Lock removed : !AD	3	400	sanchez.gtm.merror.lckgone	0
LCKSCANCELLED	"Error on remote node holding locks or zallocates, ALL locks and zallocates cancelled"	3	400	sanchez.gtm.merror.lckscancelled	1
LCKSGONE	Locks selected for deletion removed	3	400	sanchez.gtm.merror.lcksgone	0
LCKSTIMOUT	DAL timed lock request expired	3	400	sanchez.gtm.merror.lckstimout	0
LDBINFMT	Corrupt binary format header information	3	400	sanchez.gtm.merror.ldbinfmt	0
LDGOQFMT	Corrupt GOQ format header information!/	3	400	sanchez.gtm.merror.ldgoqfmt	0
LINKVERSION	This image must be relinked with the current version of GT.M	3	400	sanchez.gtm.merror.linkversion	0
LKNAMEXPECTED	An identifier is expected after a ^ in this context.	3	400	sanchez.gtm.merror.lknamexpected	1
LKRUNDOWN	Error during lock database rundown.	3	400	sanchez.gtm.merror.lkrundown	1
LKSECINIT	Error creating lock section for database !AD	3	400	sanchez.gtm.merror.lksecinit	1
LOADABORT	Aborting load at record !UL	3	400	sanchez.gtm.merror.loadabort	0
LOADBGSZ	"Load error: BEGIN too small, no records loaded."	3	400	sanchez.gtm.merror.loadbgsz	0
LOADCTRLY	"User interrupt encountered during load, halting"	3	400	sanchez.gtm.merror.loadctrly	0
LOADEDBG	"Load error: END smaller than BEGIN, no records loaded."	3	400	sanchez.gtm.merror.loadedbg	0
LOADEDSZ	"Load error: END too small, no records loaded."	3	400	sanchez.gtm.merror.loadedsz	0
LOADEOF	"Load error: EOF reached prior to BEGIN record !UL, no records loaded."	3	400	sanchez.gtm.merror.loadeof	0
LOADFILERR	Error with load file !AD	3	400	sanchez.gtm.merror.loadfilerr	1
LOADFMT	"Load error: bad format type.  Must be ZWR, GO, BINARY, or GOQ"	3	400	sanchez.gtm.merror.loadfmt	0
LOADRUNNING	Cannot ZLINK an active routine !AD	3	400	sanchez.gtm.merror.loadrunning	1
LPARENMISSING	Left parenthesis expected	3	400	sanchez.gtm.merror.lparenmissing	1
LPARENREQD	!_!AD!/!_!_!_Left parenthesis expected	3	400	sanchez.gtm.merror.lparenreqd	0
LQLENGTHNA	Listening queue length not appropriate.	3	400	sanchez.gtm.merror.lqlengthna	1
LSEXPECTED	A line separator is expected here	3	400	sanchez.gtm.merror.lsexpected	1
LSNCONNOTCMP	Listen and connect are not compatible.	3	400	sanchez.gtm.merror.lsnconnotcmp	1
LVNULLSUBS	Null subscripts not allowed in local variables	3	400	sanchez.gtm.merror.lvnullsubs	1
LVORDERARG	Argument to local variable $NEXT must be subscripted	3	400	sanchez.gtm.merror.lvorderarg	1
MAXACTARG	Maximum number of actual arguments exceeded	3	400	sanchez.gtm.merror.maxactarg	1
MAXARGCNT	Maximum number of arguments exceeded	3	400	sanchez.gtm.merror.maxargcnt	1
MAXFORARGS	Maximum number of arguments to a single FOR command exceeded	3	400	sanchez.gtm.merror.maxforargs	1
MAXLKSTR	Lock subscript or name is too large	3	400	sanchez.gtm.merror.maxlkstr	1
MAXNRSUBSCRIPTS	Maximum number of subscripts exceeded	3	400	sanchez.gtm.merror.maxnrsubscripts	1
MAXSTRLEN	Maximum string length exceeded	3	400	sanchez.gtm.merror.maxstrlen	1
MBXRDONLY	"Mailbox is read only, cannot write to it"	3	400	sanchez.gtm.merror.mbxrdonly	1
MBXWRTONLY	"Mailbox is write only, cannot read from it"	3	400	sanchez.gtm.merror.mbxwrtonly	1
MEMORY	Central memory exhausted	3	400	sanchez.gtm.merror.memory	1
MEMORYRECCURSIVE	Memory Subsystem called reccursively	3	400	sanchez.gtm.merror.memoryreccursive	0
MTANSIFOR	Use of ANSI labels does not allow stream format	3	400	sanchez.gtm.merror.mtansifor	1
MTANSILAB	Tape label is not in valid ANSI format	3	400	sanchez.gtm.merror.mtansilab	1
MTBLKTOOBIG	Magtape block size exceeds max allowed	3	400	sanchez.gtm.merror.mtblktoobig	1
MTBLKTOOSM	Magtape block size is less than !UL bytes	3	400	sanchez.gtm.merror.mtblktoosm	1
MTDOSFOR	Use of DOS-11 labels requires stream format	3	400	sanchez.gtm.merror.mtdosfor	1
MTDOSLAB	Tape label is not in valid DOS-11 format	3	400	sanchez.gtm.merror.mtdoslab	1
MTFIXRECSZ	Blocksize must be multiple of fixed record size	3	400	sanchez.gtm.merror.mtfixrecsz	1
MTINVLAB	Invalid label type specified in magtape OPEN	3	400	sanchez.gtm.merror.mtinvlab	1
MTIOERR	I/O Error with magnetic tape device !AD	3	400	sanchez.gtm.merror.mtioerr	1
MTIS	Magnetic tape : !AD	3	400	sanchez.gtm.merror.mtis	0
MTNOSKIP	SKIP operation not supported on this device	3	400	sanchez.gtm.merror.mtnoskip	1
MTRDBADBLK	"Block read too small, contained only !UL bytes, block size = !UL"	3	400	sanchez.gtm.merror.mtrdbadblk	1
MTRDONLY	Cannot write to a READONLY magtape	3	400	sanchez.gtm.merror.mtrdonly	1
MTRDTHENWRT	Attempt to read after a write to a magtape	3	400	sanchez.gtm.merror.mtrdthenwrt	1
MTRECGTRBLK	Magtape record size cannot exceed block size	3	400	sanchez.gtm.merror.mtrecgtrblk	1
MTRECTOOBIG	Magtape record size exceeds max allowed	3	400	sanchez.gtm.merror.mtrectoobig	1
MTRECTOOSM	Magtape record size is too small for record type	3	400	sanchez.gtm.merror.mtrectoosm	1
MUBCKNODIR	Mupip backup aborted due to error in output directory	3	400	sanchez.gtm.merror.mubcknodir	1
MUFILRNDWNFL	File rundown failed.	3	400	sanchez.gtm.merror.mufilrndwnfl	0
MUFILRNDWNSUC	File sucessfully rundown.	3	400	sanchez.gtm.merror.mufilrndwnsuc	0
MULTFORMPARM	This formal parameter is multiply defined	3	400	sanchez.gtm.merror.multformparm	1
MULTLAB	This label has been previously defined	3	400	sanchez.gtm.merror.multlab	1
MUNOACTION	MUPIP unable to perform requested action	3	400	sanchez.gtm.merror.munoaction	0
MUNODBNAME	A database name or the region qualifier must be specified	3	400	sanchez.gtm.merror.munodbname	1
MUNOTALLSEC	WARNING:  not all global sections accessed were sucessfully rundown	3	400	sanchez.gtm.merror.munotallsec	0
MUNOUPGRD	Mupip upgrade did not occur because of preceding errors	3	400	sanchez.gtm.merror.munoupgrd	1
MUPCLIERR	Action not taken due to cli errors	3	400	sanchez.gtm.merror.mupclierr	1
MUPGDERR	Command aborted due to global directory errors	3	400	sanchez.gtm.merror.mupgderr	1
MUPIPCHECK	MUPIP internal consistancy check failed	3	400	sanchez.gtm.merror.mupipcheck	0
MUPIPINFO	!AD	3	400	sanchez.gtm.merror.mupipinfo	0
MUPRECFLLCK	"Database file !AD is locked by MUPIP RECOVER, could not secure access."	3	400	sanchez.gtm.merror.muprecfllck	1
MUPRESTERR	Mupip restore aborted due to preceding errors	3	400	sanchez.gtm.merror.mupresterr	1
MUREORGFAIL	MUPIP REORG failed. Failure code: !AD	3	400	sanchez.gtm.merror.mureorgfail	1
MUSECDEL	Section !AD deleted.	3	400	sanchez.gtm.merror.musecdel	0
MUSECNOTDEL	Section !AD not deleted.	3	400	sanchez.gtm.merror.musecnotdel	0
MUSTANDALONE	Could not get exclusive access to !AD	3	400	sanchez.gtm.merror.mustandalone	0
MUTEXERR	Mutual Exclusion subsystem failure	3	400	sanchez.gtm.merror.mutexerr	1
MUTEXFATAL	Mutual Exclusion subsystem fatal internal error for region !AD --- Report to Greystone Software Technology	3	400	sanchez.gtm.merror.mutexfatal	0
MUTEXFRCDTERM	Mutual Exclusion subsystem detected forced termination of process !UL	3	400	sanchez.gtm.merror.mutexfrcdterm	0
MUTEXLCKALERT	Mutual Exclusion subsystem ALERT - Lock attempt threshold crossed for region !AD. Process !UL is in crit	3	400	sanchez.gtm.merror.mutexlckalert	0
MUTNWARN	"WARNING: Transaction number is approaching limit for file !AD, renew database with MUPIP"	3	400	sanchez.gtm.merror.mutnwarn	0
NAMEEXPECTED	A local variable name is expected in this context	3	400	sanchez.gtm.merror.nameexpected	1
NEGFRACPWR	Invalid operation: fractional power of negative number	3	400	sanchez.gtm.merror.negfracpwr	1
NESTFORMP	Formal parameter list cannot be combined with nested line	3	400	sanchez.gtm.merror.nestformp	1
NETDBOPNERR	Error while attempting to open database across net:	3	400	sanchez.gtm.merror.netdbopnerr	1
NETFAIL	Failure of Net operation	3	400	sanchez.gtm.merror.netfail	1
NETLCKFAIL	Lock operation across Net failed	3	400	sanchez.gtm.merror.netlckfail	1
NOCCPPID	Cannot find CCP process id.	3	400	sanchez.gtm.merror.noccppid	1
NOEXCNOZTRAP	Neither an exception nor a Ztrap is specified.	3	400	sanchez.gtm.merror.noexcnoztrap	0
NOLBRSRC	Object libraries may not have SRC paths associated	3	400	sanchez.gtm.merror.nolbrsrc	1
NOPLACE	Line specified in a ZBREAK cannot be found	3	400	sanchez.gtm.merror.noplace	1
NOPRINCIO	Unable to write to principal device	3	400	sanchez.gtm.merror.noprincio	0
NORECOVERERR	Not all specified recovery was done	3	400	sanchez.gtm.merror.norecovererr	1
NORECOVERINF	Not all specified recovery was done	3	400	sanchez.gtm.merror.norecoverinf	0
NORECOVERWRN	Not all specified recovery was done	3	400	sanchez.gtm.merror.norecoverwrn	0
NOREGION	REGION not found: !AD	3	400	sanchez.gtm.merror.noregion	1
NOSELECT	"None of the selected variables exist, halting"	3	400	sanchez.gtm.merror.noselect	0
NOTERMENTRY	"TERM = ""!AD"" has no ""terminfo"" entry. Possible terminal handling problems"	3	400	sanchez.gtm.merror.notermentry	0
NOTERMENV	"Environment variable TERM not set. Assuming ""unknown	sanchez.gtm.merror.notermenv	0"	3	400		
NOTERMINFODB	"No ""terminfo"" database. Terminal handling problems likely"	3	400	sanchez.gtm.merror.noterminfodb	0
NOTEXTRINSIC	"Quit does not return to an extrinsic function, argument not allowed"	3	400	sanchez.gtm.merror.notextrinsic	1
NOTGBL	"!_!AD!/!_!_!_""^"" Expected"	3	400	sanchez.gtm.merror.notgbl	0
NOTPRINCIO	Output currently directed to device !AD	3	400	sanchez.gtm.merror.notprincio	0
NOTTOEOFONPUT	Not positioned to EOF on write (sequential organization only)	3	400	sanchez.gtm.merror.nottoeofonput	1
NOZBRK	No zbreak at that location	3	400	sanchez.gtm.merror.nozbrk	0
NULSUBSC	Nul subscripts are not allowed for region: !AD	3	400	sanchez.gtm.merror.nulsubsc	1
NUMOFLOW	Numeric overflow	3	400	sanchez.gtm.merror.numoflow	1
NUMUNXEOR	!_!AD!/!_!_!_unexpected end of record in numeric subscript	3	400	sanchez.gtm.merror.numunxeor	0
OBJFILERR	Error with object file I/O on file !AD	3	400	sanchez.gtm.merror.objfilerr	1
OFFSETINV	Entry point !AD+!SL not valid	3	400	sanchez.gtm.merror.offsetinv	1
OPENCONN	Error opening TCP connection	3	400	sanchez.gtm.merror.openconn	1
OPRCCPSTOP	The Cluster Control Program has been halted by an operator stop request	3	400	sanchez.gtm.merror.oprccpstop	0
ORDER2	Invalid second argument to $ORDER.  Must be -1 or 1	3	400	sanchez.gtm.merror.order2	1
PARBUFSM	Parse buffer too small	3	400	sanchez.gtm.merror.parbufsm	1
PARFILSPC	parameter: !AD  file specification: !AD	3	400	sanchez.gtm.merror.parfilspc	1
PARNORMAL	Parse successful	3	400	sanchez.gtm.merror.parnormal	0
PARTRNLNM	Parse error translating logical name	3	400	sanchez.gtm.merror.partrnlnm	1
PATCLASS	Illegal character class for pattern code	3	400	sanchez.gtm.merror.patclass	1
PATCODE	Illegal Syntax for pattern	3	400	sanchez.gtm.merror.patcode	1
PATLIT	Illegal character or unbalanced quotes for pattern literal	3	400	sanchez.gtm.merror.patlit	1
PATLOAD	Error loading pattern file !AD	3	400	sanchez.gtm.merror.patload	1
PATMAXLEN	Pattern code exceeds maximum length	3	400	sanchez.gtm.merror.patmaxlen	1
PATTABNOTFND	Pattern table !AD not found	3	400	sanchez.gtm.merror.pattabnotfnd	1
PATTABSYNTAX	Error in !AD at line !UL	3	400	sanchez.gtm.merror.pattabsyntax	1
PATUPPERLIM	Pattern code upper limit is less than lower limit	3	400	sanchez.gtm.merror.patupperlim	1
PCONDEXPECTED	Post-conditional expression expected but not found	3	400	sanchez.gtm.merror.pcondexpected	1
PRCNAMLEN	Process name !AD length is greater than !SL	3	400	sanchez.gtm.merror.prcnamlen	1
PREMATEOF	Premature end of file detected	3	400	sanchez.gtm.merror.premateof	0
PROTNOTSUP	Protocal not supported.	3	400	sanchez.gtm.merror.protnotsup	1
QUALEXP	Qualifier expected but not found	3	400	sanchez.gtm.merror.qualexp	1
QUALVAL	Qualifier value required but not found	3	400	sanchez.gtm.merror.qualval	1
QUITARGLST	Quit may not take a list of arguments	3	400	sanchez.gtm.merror.quitarglst	1
QUITARGREQD	Quit from an extrinsic must have an argument	3	400	sanchez.gtm.merror.quitargreqd	1
QUITARGUSE	Quit may not take an argument in this context	3	400	sanchez.gtm.merror.quitarguse	1
RANDARGNEG	Random number generator argument must be greater than or equal to one	3	400	sanchez.gtm.merror.randargneg	1
RBWRNNOTCHG	Not all specified databases were changed	3	400	sanchez.gtm.merror.rbwrnnotchg	0
RDFLTOOSHORT	Length specified for fixed length read less than or equal to zero.	3	400	sanchez.gtm.merror.rdfltooshort	1
REC2BIG	Record size (!UL) is greater than maximum (!UL) for region: !AD	3	400	sanchez.gtm.merror.rec2big	1
RECCNT	Last LOAD record number: !UL	3	400	sanchez.gtm.merror.reccnt	0
REORGCTRLY	"User interrupt encountered during database reorg, halting"	3	400	sanchez.gtm.merror.reorgctrly	0
REQDVIEWPARM	Required View parameter is missing	3	400	sanchez.gtm.merror.reqdviewparm	1
REQRUNDOWN	Error accessing database !AD - must be rundown on cluster node !AD.	3	400	sanchez.gtm.merror.reqrundown	1
RESTART	Error restarting M code from recovery	3	400	sanchez.gtm.merror.restart	1
RHMISSING	Right hand side of expression expected	3	400	sanchez.gtm.merror.rhmissing	1
RMSRDONLY	Cannot write to readonly sequential file	3	400	sanchez.gtm.merror.rmsrdonly	1
RMWIDTHPOS	File record size must be greater than zero	3	400	sanchez.gtm.merror.rmwidthpos	1
ROUTINEUNKNOWN	Routine could not be found	3	400	sanchez.gtm.merror.routineunknown	1
RPARENMISSING	Right parenthesis expected	3	400	sanchez.gtm.merror.rparenmissing	1
RPARENREQD	!_!AD!/!_!_!_Right parenthesis expected	3	400	sanchez.gtm.merror.rparenreqd	0
RTNNAME	Routine name expected here	3	400	sanchez.gtm.merror.rtnname	1
RTSLOC	!_!_At M source location !AD	3	400	sanchez.gtm.merror.rtsloc	0
RUNPARAMERR	Error accessing parameter for run command	3	400	sanchez.gtm.merror.runparamerr	1
RWARG	This is not a legal argument to a READ or WRITE command	3	400	sanchez.gtm.merror.rwarg	1
RWFORMAT	"A valid format expression (!, # or ?expr) expected here"	3	400	sanchez.gtm.merror.rwformat	1
SAMEFTOK	Attempt to use shared memory in use for another database. Perform same-ftok resolution procedures.	3	400	sanchez.gtm.merror.sameftok	1
SELECTFALSE	No argument to $SELECT was true	3	400	sanchez.gtm.merror.selectfalse	1
SELECTSYNTAX	Argument to select clause is not valid	3	400	sanchez.gtm.merror.selectsyntax	0
SERVERERR	Severe error on server: !AD	3	400	sanchez.gtm.merror.servererr	1
SOCKACPT	Error accepting socket connection	3	400	sanchez.gtm.merror.sockacpt	1
SOCKACTNA	Action not appropriate for current socket.	3	400	sanchez.gtm.merror.sockactna	1
SOCKINIT	Error initializing TCP socket	3	400	sanchez.gtm.merror.sockinit	1
SOCKKEYNOTFOU	Socket routine not found	3	400	sanchez.gtm.merror.sockkeynotfou	0
SOCKLISTEN	Error listening on a socket.	3	400	sanchez.gtm.merror.socklisten	1
SOCKPARMREQ	Socket device parameter is required for TCP open	3	400	sanchez.gtm.merror.sockparmreq	1
SOCKWAIT	Error waiting for socket connection	3	400	sanchez.gtm.merror.sockwait	1
SOCKWRITE	Write to a TCP/IP socket failed:	3	400	sanchez.gtm.merror.sockwrite	0
SPOREOL	Either a space or an end-of-line was expected but not found	3	400	sanchez.gtm.merror.sporeol	1
SRCFILERR	Error with source file I/O on file !AD	3	400	sanchez.gtm.merror.srcfilerr	1
SRCLIN	!_!AD!/!_!AD	3	400	sanchez.gtm.merror.srclin	0
SRCLOC	"!_!_At column !UL, line !UL, source module !AD"	3	400	sanchez.gtm.merror.srcloc	0
SRCLOCUNKNOWN	!_!_M source location unknown	3	400	sanchez.gtm.merror.srclocunknown	0
SRCNAM	in source module !AD	3	400	sanchez.gtm.merror.srcnam	0
STACKCRIT	Stack space critical	3	400	sanchez.gtm.merror.stackcrit	1
STACKOFLOW	Stack overflow	3	400	sanchez.gtm.merror.stackoflow	0
STACKUNDERFLO	Stack underflow	3	400	sanchez.gtm.merror.stackunderflo	1
STATCNT	!AD:!_  Key cnt: !UL  max subsc len: !UL  max data len: !UL	3	400	sanchez.gtm.merror.statcnt	0
STRINGOFLOW	String pool overflow	3	400	sanchez.gtm.merror.stringoflow	1
STRUNXEOR	!_!AD!/!_!_!_unexpected end of record in string subscript	3	400	sanchez.gtm.merror.strunxeor	0
SUB2LONG	"Subscript invalid, too long"	3	400	sanchez.gtm.merror.sub2long	1
SVNOSET	Cannot SET this special variable	3	400	sanchez.gtm.merror.svnoset	1
TCPNOIMP	TCP/IP feature not implemented	3	400	sanchez.gtm.merror.tcpnoimp	1
TERMASTQUOTA	"Process AST quota exceeded, cannot open terminal"	3	400	sanchez.gtm.merror.termastquota	1
TERMWRITE	"Error writing to terminal, status:"	3	400	sanchez.gtm.merror.termwrite	1
TEXT	!AD	3	400	sanchez.gtm.merror.text	0
TEXTARG	Invalid argument to $TEXT function	3	400	sanchez.gtm.merror.textarg	1
THFAIL	The transaction history is corrupt	3	400	sanchez.gtm.merror.thfail	1
TIMEROVFL	Timer overflow; interval probably too large	3	400	sanchez.gtm.merror.timerovfl	0
TIMRBADVAL	"Bad value specified, timer not changed."	3	400	sanchez.gtm.merror.timrbadval	0
TLVLZERO	Transaction is not in progress	3	400	sanchez.gtm.merror.tlvlzero	1
TMPSTOREMAX	Maximum space for temporary values exceeded	3	400	sanchez.gtm.merror.tmpstoremax	1
TOTALBLKMAX	"Extension exceeds maximum total blocks, not extending."	3	400	sanchez.gtm.merror.totalblkmax	1
TPFAIL	Transaction COMMIT failed. Failure code: !AD	3	400	sanchez.gtm.merror.tpfail	1
TPLOCK	Cannot release lock(s) held prior to current TSTART	3	400	sanchez.gtm.merror.tplock	1
TPMIXUP	!AZ transaction cannot be started within !AZ transaction.	3	400	sanchez.gtm.merror.tpmixup	1
TPQUIT	Cannot QUIT out of a routine with an active transaction	3	400	sanchez.gtm.merror.tpquit	1
TPRESTART	"TPRESTART code: !AD; block: !XL in global: ^!AD; blks read: !UL, blks mod: !UL by pid: !8XL"	3	400	sanchez.gtm.merror.tprestart	0
TPRETRY	Restart transaction from non-concurrency DB failure	3	400	sanchez.gtm.merror.tpretry	1
TPSTACKCRIT	TP Stack space critical	3	400	sanchez.gtm.merror.tpstackcrit	1
TPSTACKOFLOW	TP Stack overflow	3	400	sanchez.gtm.merror.tpstackoflow	0
TPTOODEEP	$TLEVEL cannot exceed 127	3	400	sanchez.gtm.merror.tptoodeep	1
TRACEVAR	Traceable var !AD set to !AD from !AD line !UL	3	400	sanchez.gtm.merror.tracevar	0
TRANS2BIG	Transaction exceeded available buffer space for region !AD	3	400	sanchez.gtm.merror.trans2big	1
TRANSMINUS	Negative numbers not allowed with ZTCOMMIT	3	400	sanchez.gtm.merror.transminus	1
TRANSNEST	Maximum transaction nesting levels exceeded	3	400	sanchez.gtm.merror.transnest	1
TRANSNOSTART	ZTCOMMIT(s) issued without corresponding ZTSTART(s)	3	400	sanchez.gtm.merror.transnostart	1
TRESTLOC	"Transaction start: !AD, Transaction failure: !AD"	3	400	sanchez.gtm.merror.trestloc	1
TRESTNOT	"Cannot TRESTART, transaction is not restartable"	3	400	sanchez.gtm.merror.trestnot	1
TSTRTPARM	Error parsing TSTART qualifier	3	400	sanchez.gtm.merror.tstrtparm	1
TTINVFILTER	Invalid FILTER argument.	3	400	sanchez.gtm.merror.ttinvfilter	0
TXTNEGLIN	A line prior to line number zero was referenced in $TEXT	3	400	sanchez.gtm.merror.txtneglin	1
TXTSRCFMT	$TEXT encountered an invalid source program file format	3	400	sanchez.gtm.merror.txtsrcfmt	1
TXTSRCMAT	M object module and source file do not match	3	400	sanchez.gtm.merror.txtsrcmat	1
UIDMSG	Unidentified message received	3	400	sanchez.gtm.merror.uidmsg	1
UIDSND	Unidentified sender PID	3	400	sanchez.gtm.merror.uidsnd	1
UNDEF	Undefined local variable: !AD	3	400	sanchez.gtm.merror.undef	1
UNIMPLOP	Unimplemented construct encountered	3	400	sanchez.gtm.merror.unimplop	1
UNKNOWNFOREX	Process halted by a forced exit from a source other than MUPIP	3	400	sanchez.gtm.merror.unknownforex	0
UNSDCLASS	Unsupported descriptor class	3	400	sanchez.gtm.merror.unsdclass	1
UNSDDTYPE	Unsupported descriptor data type	3	400	sanchez.gtm.merror.unsddtype	1
UNSOLCNTERR	An unsolicited error message has been received from the network	3	400	sanchez.gtm.merror.unsolcnterr	1
USRIOINIT	User-defined device driver not successfully initialized	3	400	sanchez.gtm.merror.usrioinit	1
VAREXPECTED	Variable expected in this context	3	400	sanchez.gtm.merror.varexpected	1
VARRECBLKSZ	Blocksize must be at least record size + 4 bytes	3	400	sanchez.gtm.merror.varrecblksz	1
VERMISMATCH	"Attempt to access !AD with version !AD, while already using !AD"	3	400	sanchez.gtm.merror.vermismatch	1
VERSION	Version mismatch - This program must be recompiled	3	400	sanchez.gtm.merror.version	1
VIEWAMBIG	View parameter !AD is ambiguous	3	400	sanchez.gtm.merror.viewambig	1
VIEWARGCNT	View parameter !AD has inappropriate number of subparameters	3	400	sanchez.gtm.merror.viewargcnt	1
VIEWCMD	View parameter is not valid with VIEW command	3	400	sanchez.gtm.merror.viewcmd	1
VIEWFN	View parameter is not valid with $VIEW function	3	400	sanchez.gtm.merror.viewfn	1
VIEWGVN	Invalid global key name used with VIEW/$VIEW: !AD	3	400	sanchez.gtm.merror.viewgvn	1
VIEWNOTFOUND	View parameter !AD not valid	3	400	sanchez.gtm.merror.viewnotfound	1
VMSMEMORY	Central memory exhausted - check page file quota and page file size	3	400	sanchez.gtm.merror.vmsmemory	1
WCERRNOTCHG	Not all specified databases were changed	3	400	sanchez.gtm.merror.wcerrnotchg	1
WCFAIL	The database cache is corrupt	3	400	sanchez.gtm.merror.wcfail	1
WCINFNOTCHG	Not all specified databases were changed	3	400	sanchez.gtm.merror.wcinfnotchg	0
WCWRNNOTCHG	Not all specified databases were changed	3	400	sanchez.gtm.merror.wcwrnnotchg	0
WILDCARD	Wild cards are prohibited: !AD	3	400	sanchez.gtm.merror.wildcard	1
WILLEXPIRE	This copy of GT.M will expire within one week	3	400	sanchez.gtm.merror.willexpire	0
XKILLCNTEXC	Maximum number of arguments (!UL) to exclusive kill exceeded.	3	400	sanchez.gtm.merror.xkillcntexc	1
YDIRTSZ	Size of YDIRT data too large	3	400	sanchez.gtm.merror.ydirtsz	1
ZATTACHERR	"Error attaching to ""!AD"""	3	400	sanchez.gtm.merror.zattacherr	1
ZCALLTABLE	External call Table format error	3	400	sanchez.gtm.merror.zcalltable	1
ZCARGMSMTCH	"External call: Actual argument count, !UL, is greater than formal argument count, !UL"	3	400	sanchez.gtm.merror.zcargmsmtch	1
ZCCHECK	External call internal error	3	400	sanchez.gtm.merror.zccheck	1
ZCCOLON	Colon expected but not found	3	400	sanchez.gtm.merror.zccolon	1
ZCCONMSMTCH	External call: Too many input arguments	3	400	sanchez.gtm.merror.zcconmsmtch	1
ZCCONVERT	External call: error converting output argument	3	400	sanchez.gtm.merror.zcconvert	1
ZCCSQRBR	Closing Square bracket expected	3	400	sanchez.gtm.merror.zccsqrbr	1
ZCCTENV	Environmental variable for external package !AD no set	3	400	sanchez.gtm.merror.zcctenv	1
ZCCTNULLF	External call table contains no records : !AD	3	400	sanchez.gtm.merror.zcctnullf	1
ZCCTOPN	Unable to open external call table : !AD	3	400	sanchez.gtm.merror.zcctopn	1
ZCENTNAME	No entry name found in external call table	3	400	sanchez.gtm.merror.zcentname	1
ZCINPUTREQ	External call: Required input argument missing	3	400	sanchez.gtm.merror.zcinputreq	1
ZCMAXPARAM	Number of Parameters for external call more than maximum number	3	400	sanchez.gtm.merror.zcmaxparam	1
ZCMLTSTATUS	Multiple entries of xc_status in a single entry in external call table	3	400	sanchez.gtm.merror.zcmltstatus	1
ZCOPT0	External call: Qualifier OPTIONAL_0 may be used only with mechanisms REFERENCE or DESCRIPTOR	3	400	sanchez.gtm.merror.zcopt0	1
ZCPOSOVR	External call: Invalid overlapping of arguments in table position !UL	3	400	sanchez.gtm.merror.zcposovr	1
ZCPREALLNUMEX	Pre-allocation value should be a decimal number	3	400	sanchez.gtm.merror.zcpreallnumex	1
ZCPREALLVALPAR	Pre-allocation allowed only for variables passed by reference	3	400	sanchez.gtm.merror.zcpreallvalpar	1
ZCRCALLNAME	Routine name expected but not found	3	400	sanchez.gtm.merror.zcrcallname	1
ZCRPARMNAME	Parameter name expected but not found	3	400	sanchez.gtm.merror.zcrparmname	1
ZCRTENOTF	External call routine !AD not found	3	400	sanchez.gtm.merror.zcrtenotf	1
ZCRTNTYP	Unknown return type	3	400	sanchez.gtm.merror.zcrtntyp	1
ZCSHLOPN	Unable to obtain handle to shared library : !AD	3	400	sanchez.gtm.merror.zcshlopn	1
ZCSTATUS	External call: Unsuccessful return status	3	400	sanchez.gtm.merror.zcstatus	1
ZCSTATUSRET	External call returned error status	3	400	sanchez.gtm.merror.zcstatusret	1
ZCUNKMECH	External call: Unknown parameter-passing mechanism	3	400	sanchez.gtm.merror.zcunkmech	1
ZCUNKQUAL	External call: Unknown input qualifier	3	400	sanchez.gtm.merror.zcunkqual	1
ZCUNKTYPE	External call: Unknown argument type	3	400	sanchez.gtm.merror.zcunktype	1
ZCUNSQUAL	External call: Unsupported input qualifier	3	400	sanchez.gtm.merror.zcunsqual	1
ZCUNTYPE	Unknown type encountered	3	400	sanchez.gtm.merror.zcuntype	1
ZCUSRRTN	External call: Run-time error in user routine	3	400	sanchez.gtm.merror.zcusrrtn	1
ZCVECTORINDX	Invalid Vector Index !UL	3	400	sanchez.gtm.merror.zcvectorindx	0
ZDATEFMT	$ZDATE format string contains invalid character	3	400	sanchez.gtm.merror.zdatefmt	1
ZDEFACTIVE	ZDEFER already active	3	400	sanchez.gtm.merror.zdefactive	1
ZDEFOFLOW	ZDEFER Buffer overflow to node !AD	3	400	sanchez.gtm.merror.zdefoflow	1
ZEDFILSPEC	Illegal ZEDIT file specification: !AD	3	400	sanchez.gtm.merror.zedfilspec	1
ZFILENMTOOLONG	!AD is longer than 255 characters	3	400	sanchez.gtm.merror.zfilenmtoolong	1
ZFILKEYBAD	!AD is not a legal keyword for $ZFILE	3	400	sanchez.gtm.merror.zfilkeybad	1
ZFILNMBAD	!AD is not a legal file name	3	400	sanchez.gtm.merror.zfilnmbad	1
ZGBLDIRACC	"Cannot access global directory ""!AD"".  Continuing with ""!AD""."	3	400	sanchez.gtm.merror.zgbldiracc	1
ZGOTOLTZERO	Cannot ZGOTO a level less than zero	3	400	sanchez.gtm.merror.zgotoltzero	1
ZGOTOTOOBIG	Cannot ZGOTO a level greater than present level	3	400	sanchez.gtm.merror.zgototoobig	1
ZLINKFILE	"Error while zlinking ""!AD"""	3	400	sanchez.gtm.merror.zlinkfile	1
ZLKIDBADARG	The tvexpr must be FALSE if last ZLKID not found	3	400	sanchez.gtm.merror.zlkidbadarg	1
ZLMODULE	Object file name does not match module name: !AD	3	400	sanchez.gtm.merror.zlmodule	1
ZLNOOBJECT	No object module was produced	3	400	sanchez.gtm.merror.zlnoobject	1
ZPARSETYPE	Illegal TYPE argument to $ZPARSE: !AD	3	400	sanchez.gtm.merror.zparsetype	1
ZPARSFLDBAD	Illegal $ZPARSE field paramter: !AD	3	400	sanchez.gtm.merror.zparsfldbad	1
ZPIDBADARG	The tvexpr must be FALSE if last ZPID not found	3	400	sanchez.gtm.merror.zpidbadarg	1
ZPRIVARGBAD	 !AD is not a legal privilege for $ZPRIV	3	400	sanchez.gtm.merror.zprivargbad	1
ZPRIVSYNTAXERR	Privilege string cannot end with a comma	3	400	sanchez.gtm.merror.zprivsyntaxerr	1
ZPRTLABNOTFND	Label not found in routine	3	400	sanchez.gtm.merror.zprtlabnotfnd	1
ZROSYNTAX	$ZROUTINES syntax error: !AD	3	400	sanchez.gtm.merror.zrosyntax	1
ZSETPRVARGBAD	 !AD is not a legal privilege for $ZSETPRIV	3	400	sanchez.gtm.merror.zsetprvargbad	1
ZSETPRVSYNTAX	$ZSETPRIV privileges string cannot end with a comma	3	400	sanchez.gtm.merror.zsetprvsyntax	1
ZSHOWBADFUNC	An illegal function was specified for ZSHOW	3	400	sanchez.gtm.merror.zshowbadfunc	1
ZSHOWBADOUT	ZSHOW output directed to unknown device type	3	400	sanchez.gtm.merror.zshowbadout	1
ZSHOWGLOSMALL	Global output variable is too small for ZSHOW output	3	400	sanchez.gtm.merror.zshowglosmall	1
ZSRCHSTRMCT	Search stream identifier out of range	3	400	sanchez.gtm.merror.zsrchstrmct	1
ZSTEPARG	ZSTEP argument expected	3	400	sanchez.gtm.merror.zsteparg	1
ZWRSPONE	Subscript patterns in ZWRITE are atomic; Invalid delimiter	3	400	sanchez.gtm.merror.zwrspone	1
