Key	Description	Prio	Custprio	Event Name	Log
cleanipc_failure	Cleans out ipc(s) for current user - failure	3	400	sanchez.utils.scripts.cleanipc_failure	Y
cleanipc_success	Cleans out ipc(s) for current user - success	1	100	sanchez.utils.scripts.cleanipc_success	N
dbcompare_failure	Compare databases between primary & secondary - failure	3	400	sanchez.utils.scripts.dbcompare_failure	Y
dbcompare_success	Compare databases between primary & secondary - success	1	100	sanchez.utils.scripts.dbcompare_success	N
dbinteg_failure	Run DB integ - failure	3	300	sanchez.utils.scripts.dbinteg_failure	Y
dbinteg_success 	Run DB integ - success	1	100	sanchez.utils.scripts.dbinteg_success 	N
dbrestore_failure	Restore databas files - failure	3	300	sanchez.utils.scripts.dbrestore_failure	Y
dbrestore_success	Restore database files - success	1	100	sanchez.utils.scripts.dbrestore_success	N
dbsave_failure	Save off database files - failure	3	300	sanchez.utils.scripts.dbsave_failure	Y
dbsave_success	Save off database files - success	1	100	sanchez.utils.scripts.dbsave_success	N
ddpserver_failure	Initiate client transfers - failure	3	400	sanchez.utils.scripts.ddpserver_failure	Y
ddpserver_success	Initiate client transfers - success	1	100	sanchez.utils.scripts.ddpserver_success	N
init_failure	Initialize variables for PROFILE directory - failure	4	500	sanchez.utils.scripts.init_failure	Y
init_success	Initialize variables for PROFILE directory - success	1	100	sanchez.utils.scripts.init_success	N
journal_off_failure	Turn M journaling off - failure	3	300	sanchez.utils.scripts.journal_off_failure	Y
journal_off_success	Turn M journaling off - success	1	100	sanchez.utils.scripts.journal_off_success	N
journal_on_failure	Turn M journaling on - failure	3	300	sanchez.utils.scripts.journal_on_failure	Y
journal_on_success	Turn M journaling on - success	1	100	sanchez.utils.scripts.journal_on_success	N
replication_off_failure	Set DB replication off - failure	3	300	sanchez.utils.scripts.replication_off_failure	Y
replication_off_success	Set DB replication off - success	1	100	sanchez.utils.scripts.replication_off_success	N
replication_on_failure	Set DB replication on - failure	3	300	sanchez.utils.scripts.replication_on_failure	Y
replication_on_success	Set DB replication on - success	1	100	sanchez.utils.scripts.replication_on_success	N
replication_start_failure	Start replication in the current directory - failure	3	300	sanchez.utils.scripts.replication_start_failure	Y
replication_start_success	Start replication in the current directory - success	1	100	sanchez.utils.scripts.replication_start_success	N
replication_stop_failure	Stop replication in the current directory - failure	3	300	sanchez.utils.scripts.replication_stop_failure	Y
replication_stop_success	Stop replication in the current directory - success	1	100	sanchez.utils.scripts.replication_stop_success	N
rtr_failure	Start/Stop RTR - failure	4	500	sanchez.utils.scripts.rtr_failure	Y
rtr_success	Start/Stop RTR - success	1	100	sanchez.utils.scripts.rtr_success	N
runcompare_failure	Run data compare from SQL Script files - failure	3	400	sanchez.utils.scripts.runcompare_failure	Y
runcompare_success	Run data compare from SQL Script files - success	1	100	sanchez.utils.scripts.runcompare_success	N
sca_pa_controlled_failure	Controlled Primary Shutdown/Switchover Script - failure	4	500	sanchez.utils.scripts.sca_pa_controlled_failure	Y
sca_pa_controlled_success	Controlled Primary Shutdown/Switchover Script - success	1	100	sanchez.utils.scripts.sca_pa_controlled_success	N
sca_pa_servers_failure	Run system failover scripts - failure	4	500	sanchez.utils.scripts.sca_pa_servers_failure	Y
sca_pa_servers_success	Run system failover scripts - success	1	100	sanchez.utils.scripts.sca_pa_servers_success	N
sca_pa_startup_failure	Primary directory system startup - failure	4	600	sanchez.utils.scripts.sca_pa_startup_failure	Y
sca_pa_startup_success	Primary directory system startup - success	1	100	sanchez.utils.scripts.sca_pa_startup_success	N
mtm_port_not_found	The port was not found in the MTM startup file	1	100	sanchez.utils.healthcheck	Y
mtm_id_not_found	The MTM name was not found in the MTM startup file	1	100	sanchez.utils.healthcheck	Y
mtm_not_responding	The MTM did not respond	1	100	sanchez.utils.healthcheck	Y
mtm_response	The reply from the MTM had errors	1	100	sanchez.utils.healthcheck	Y
mtm_missing_servers	Not all the servers for the MTM are running	1	100	sanchez.utils.healthcheck	Y
mtm_high_connections	The MTM has a high number of connections via netstat	1	100	sanchez.utils.healthcheck	Y
tgl_not_running	The TGL Monitor was not found	1	100	sanchez.utils.healthcheck	Y
ucs_not_running	The UCS Monitor was not found	1	100	sanchez.utils.healthcheck	Y
event_not_running	The EVENT Monitor was not found	1	100	sanchez.utils.healthcheck	Y
ddp_not_running	The DDP Server was not found	1	100	sanchez.utils.healthcheck	Y
repl_status_not_found	The replication status could not be determined	1	100	sanchez.utils.healthcheck	Y
repl_primary_source_not_running	The source server in the primary is not running	1	100	sanchez.utils.healthcheck	Y
repl_primary_backlog_high	The backlog on the primary is high	1	100	sanchez.utils.healthcheck	Y
repl_secondary_receiver_not_running	The receiver server is not running	1	100	sanchez.utils.healthcheck	Y
repl_secondary_update_not_running	The update processes is not running	1	100	sanchez.utils.healthcheck	Y
repl_secondary_source_not_running	The passive source sererver is not running	1	100	sanchez.utils.healthcheck	Y
repl_secondary_invalid_region	A region on the secondary does not exist on the primary	1	100	sanchez.utils.healthcheck	Y
repl_secondary_ahead_primary	A region on the secondary is ahead of the same region on the primary	1	100	sanchez.utils.healthcheck	Y
jnl_not_active	Journalling is not active for some/all regions	1	100	sanchez.utils.healthcheck	Y
core_files_found	core files have been found	1	100	sanchez.utils.healthcheck	Y
mje_files_found	mje files with a size greater than 0 were found	1	100	sanchez.utils.healthcheck	Y
database_file_hung	A database file(s) are hung in a profile directory	1	100	sanchez.utils.healthcheck	Y
healthcheck_invalid_action	Action was not found in healthcheck script	1	100	sanchez.utils.healthcheck	Y
repl_primary_repl_status	A region on the primary is not replicating	1	100	sanchez.utils.healthcheck	Y
repl_secondary_repl_status	A region on the secondary is not replicating	1	100	sanchez.utils.healthcheck	Y
run_batch_failure	Run individual batch - failure	3	300	sanchez.utils.scripts.run_batch_failure	Y
run_batch_success	Run individual batch - success	1	100	sanchez.utils.scripts.run_batch_success	N
run_batch_job_failure	Run individual batch job - failure	3	300	sanchez.utils.scripts.run_batch_job_failure	Y
run_batch_job_success	Run individual batch job - success	1	100	sanchez.utils.scripts.run_batch_job_success	N
sca_pa_cleanup_failure	Directory cleanup - failure	3	300	sanchez.utils.scripts.sca_pa_cleanup_failure	Y
sca_pa_cleanup_success	Directory cleanup - success	1	100	sanchez.utils.scripts.sca_pa_cleanup_success	N
