KEY	Description	Prio	CustPrio	EventName	LOG
3603	Cost center previously allocated	1	300	sanchez.pa.stbler.3603	0
1OFSET	Only one offset allowed for variable amounts	1	300	sanchez.pa.stbler.1ofset	0
AAINAS	Account already is in non-accrual status	1	300	sanchez.pa.stbler.aainas	0
ACARC	Account has already been converted	1	300	sanchez.pa.stbler.acarc	0
ACBAL	Account has a balance	1	300	sanchez.pa.stbler.acbal	0
ACCD	No auto-distribution reason code	1	300	sanchez.pa.stbler.accd	0
ACCRSTCT	Userclass access restricted during day-end processing	1	300	sanchez.pa.stbler.accrstct	0
ACCVIO	User authorization failure	1	300	sanchez.pa.stbler.accvio	0
ACDEF	Account is currently deferred	1	300	sanchez.pa.stbler.acdef	0
ACDIST	"Withholding exceeds distribution (Member=~p1;RPA=~p2)""	0"	1	300	sanchez.pa.stbler.acdist	0
ACHRTN	Invalid Routing and Transit Number	1	300	sanchez.pa.stbler.achrtn	0
ACINT	Account was already converted to permanent status	1	300	sanchez.pa.stbler.acint	0
ACNACLO	Account already closed	1	300	sanchez.pa.stbler.acnaclo	0
ACNCLO	Account closed	1	300	sanchez.pa.stbler.acnclo	0
ACNNCLO	Account is not closed	1	300	sanchez.pa.stbler.acnnclo	0
ACNNCLO1	Use UCLOSE utility to close account	1	300	sanchez.pa.stbler.acnnclo1	0
ACNNCNV	Account is not convertible	1	300	sanchez.pa.stbler.acnncnv	0
ACNNVIR	Account is not variable rate	1	300	sanchez.pa.stbler.acnnvir	0
ACNNVPT	Account is not variable payment	1	300	sanchez.pa.stbler.acnnvpt	0
ACNSTDST	Account already set up for distribution	1	300	sanchez.pa.stbler.acnstdst	0
ACPERM	Account is currently permanent	1	300	sanchez.pa.stbler.acperm	0
AHNDF	Account has net deferred fees	1	300	sanchez.pa.stbler.ahndf	0
AHNDFB	Account has net deferred fee balance	1	300	sanchez.pa.stbler.ahndfb	0
AHZB	Account has a zero balance	1	300	sanchez.pa.stbler.ahzb	0
ALLOCATE	Already allocated	1	300	sanchez.pa.stbler.allocate	0
AMHA	Advance must have amount	1	300	sanchez.pa.stbler.amha	0
AMHCF	Account must have a convertible flag	1	300	sanchez.pa.stbler.amhcf	0
ANFRE	Invalid escrow analysis frequency	1	300	sanchez.pa.stbler.anfre	0
ANINAS	Account is not in non-accrual status	1	300	sanchez.pa.stbler.aninas	0
ANOFF	Invalid escrow analysis offset	1	300	sanchez.pa.stbler.anoff	0
APR	Annual percentage rate = <<APR>>%	1	300	sanchez.pa.stbler.apr	0
AREQRNG	Outside valid range ($<<B>> - $<<C>>) for loan type <<TYPE>>	1	300	sanchez.pa.stbler.areqrng	0
ARUFCL	Credit limit cannot be changed when undisbursed processing	1	300	sanchez.pa.stbler.arufcl	0
AUBAL	Zero balance loan bypassed by auto escrow update processing	1	300	sanchez.pa.stbler.aubal	0
AUNOESC	"All included escrow accounts closed, or none designated"	1	300	sanchez.pa.stbler.aunoesc	0
AUNOTGT	"Target escrow account closed, or none designated"	1	300	sanchez.pa.stbler.aunotgt	0
AUPCT	Auto escrow - unable to adjust to appropriate percentage	1	300	sanchez.pa.stbler.aupct	0
AUTBZ	"Calculated transaction amount is less than zero,"	1	300	sanchez.pa.stbler.autbz	0
BALERR	"Out of balance by <<$J(NET,0,2)>>"	1	300	sanchez.pa.stbler.balerr	0
BASECUR	"System base currency is not an ""IN"" currency"	1	300	sanchez.pa.stbler.basecur	0
BASIS	Payment element must equal basis field	1	300	sanchez.pa.stbler.basis	0
BCHLOC	Teller Transaction file [TTX] locked by process <<PID>>	1	300	sanchez.pa.stbler.bchloc	0
BCHSBMT	Error occurred submitting batch <<BCHNUM>>	1	300	sanchez.pa.stbler.bchsbmt	1
BEGDT	Beginning date must be prior to or the same as end date	1	300	sanchez.pa.stbler.begdt	0
BNDTNOTGTR	Billing date prior to or the same as scheduled date	1	300	sanchez.pa.stbler.bndtnotgtr	1
BPSLOCK	BPSDEMON cannot lock the global ^TIN.  30 tries without	1	300	sanchez.pa.stbler.bpslock	1
BTCHNCRTE	Batch not created	1	300	sanchez.pa.stbler.btchncrte	0
BTCHNOBAL	"Batch not in balance - <<A>> differs by <<$J(B,0,2)>>"	1	300	sanchez.pa.stbler.btchnobal	0
BTCHPM	Batch posting invalid for PMed users	1	300	sanchez.pa.stbler.btchpm	0
BTCHPOS	Batch already posted	1	300	sanchez.pa.stbler.btchpos	0
BTTPP	Accrual User Procedure Error	1	300	sanchez.pa.stbler.bttpp	1
CCL5	Commitment heirarchy five levels or less	1	300	sanchez.pa.stbler.ccl5	0
CHKERR	Anticipated check error	1	300	sanchez.pa.stbler.chkerr	1
CHKLOC	Check <<CKNO>> - account in use	1	300	sanchez.pa.stbler.chkloc	1
CIDINUSE	Account in use on screen	1	300	sanchez.pa.stbler.cidinuse	0
CIFEXSTS	CIF <<ACN>> already exists	1	300	sanchez.pa.stbler.cifexsts	0
CIFRESTER	"<<$P($P($ZE,"">"",1),""<"",2)>> error reading RMS file"	1	300	sanchez.pa.stbler.cifrester	1
CKNOEXST	Check number already exists	1	300	sanchez.pa.stbler.cknoexst	0
CLSERR	Class error on variable amount field	1	300	sanchez.pa.stbler.clserr	0
CNTDEL	CIF <<ACN>> is the primary owner.  Unable to delete.	1	300	sanchez.pa.stbler.cntdel	0
CNVARUF	Undisbursed balance prohibits changes to undisbursed flag	1	300	sanchez.pa.stbler.cnvaruf	0
CNVARUF2	Changes to undisbursed processing prohibited on commitments	1	300	sanchez.pa.stbler.cnvaruf2	0
COAEXBAL	Charge-off amount exceeds balance not charged-off	1	300	sanchez.pa.stbler.coaexbal	0
COAEXCOA	Amount exceeds amount charged-off	1	300	sanchez.pa.stbler.coaexcoa	0
CRDXSTS	<CRDTYP> card already set up	1	300	sanchez.pa.stbler.crdxsts	0
CRTACN	Loaded account error.  Transaction not processed.	1	300	sanchez.pa.stbler.crtacn	1
CRTNOACN	Error loading account.  Transaction not processed.	1	300	sanchez.pa.stbler.crtnoacn	1
CRTOVR	Override required	1	300	sanchez.pa.stbler.crtovr	0
CRTUPD	Error updating account.  Transaction not processed.	1	300	sanchez.pa.stbler.crtupd	1
CS_DUPPRCNM	Duplicate process name for server	1	300	sanchez.pa.stbler.cs_dupprcnm	1
CS_EXCSVTYP	Excessive number of server types	1	300	sanchez.pa.stbler.cs_excsvtyp	1
CS_MTERROR	Non-specific error	1	300	sanchez.pa.stbler.cs_mterror	1
CS_MTMCNCT	Connection to host MTM lost - send failed	1	300	sanchez.pa.stbler.cs_mtmcnct	1
CS_MTMLOG	No client/server MTM logical name (SCA$CS_MTM) defined	1	300	sanchez.pa.stbler.cs_mtmlog	1
CS_NOGBLMAP	Server unable to map to global section	1	300	sanchez.pa.stbler.cs_nogblmap	1
CS_NOGBLSEC	MTM unable to create global section	1	300	sanchez.pa.stbler.cs_nogblsec	1
CS_NOLOCK	MTM unable to obtain resource lock	1	300	sanchez.pa.stbler.cs_nolock	1
CS_NOMBX	Unable to open reply mailbox	1	300	sanchez.pa.stbler.cs_nombx	1
CS_NOMSGQ	Unable to allocate memory for server messages queue	1	300	sanchez.pa.stbler.cs_nomsgq	1
CS_NOMTM	MTM process is not responding	1	300	sanchez.pa.stbler.cs_nomtm	1
CS_NOPRIV	Insufficient privileges	1	300	sanchez.pa.stbler.cs_nopriv	1
CS_NORECNCT	No server reconnect allowed.  Message pending.	1	300	sanchez.pa.stbler.cs_norecnct	1
CS_NOSVTYP	No server of the type requested is active	1	300	sanchez.pa.stbler.cs_nosvtyp	1
CS_SHUTDOWN	MTM shutdown in process	1	300	sanchez.pa.stbler.cs_shutdown	1
CS_SVFAIL	Server failure	1	300	sanchez.pa.stbler.cs_svfail	1
CS_SVTYP	No logical name (SCA$CS_ST_*) defined for the service type	1	300	sanchez.pa.stbler.cs_svtyp	1
CS_TIMEOUT	No response in timeout period	1	300	sanchez.pa.stbler.cs_timeout	1
CS_TIMEOUTNC	No response in timeout period - connection lost	1	300	sanchez.pa.stbler.cs_timeoutnc	1
CS_TOOMANY	Exceeds maximum servers for one MTM	1	300	sanchez.pa.stbler.cs_toomany	1
CS_UICERR	UIC group does not match	1	300	sanchez.pa.stbler.cs_uicerr	1
DATCR*	"Enter date, carriage return, or '*' for no stop date"	1	300	sanchez.pa.stbler.datcr*	0
DBSILF	Screen uses file <<SF>> which is not specified in files above	1	300	sanchez.pa.stbler.dbsilf	0
DBSLSE	A link screen may not be linked to another link screen	1	300	sanchez.pa.stbler.dbslse	0
DEALLCT	Unallocate all or part of original check range	1	300	sanchez.pa.stbler.deallct	0
DGL1	G/L set code missing G/L account: principal balance	1	300	sanchez.pa.stbler.dgl1	0
DGL2	G/L set code missing G/L account: accrued interest	1	300	sanchez.pa.stbler.dgl2	0
DGLI	G/L set code missing G/L account: interest expense	1	300	sanchez.pa.stbler.dgli	0
DGLIANC	G/L set code missing G/L account: uncredited avail interest	1	300	sanchez.pa.stbler.dglianc	0
DGLNI	G/L set code missing G/L account: negative accrued interest	1	300	sanchez.pa.stbler.dglni	0
DIFFRANGE	Check number ranges differ	1	300	sanchez.pa.stbler.diffrange	0
DIMEX	Neg am reduction may not exceed capitalized deferred int	1	300	sanchez.pa.stbler.dimex	0
DIRSAM	Direction of offset is same as variable amounts	1	300	sanchez.pa.stbler.dirsam	0
DIVIDE	MUMPS divide error	1	300	sanchez.pa.stbler.divide	0
DPICVND	Date precedes initial conversion available date	1	300	sanchez.pa.stbler.dpicvnd	0
DTVALID	Date validation not performed	1	300	sanchez.pa.stbler.dtvalid	0
DUEDFP	Secondary due dates may not precede first payment due date	1	300	sanchez.pa.stbler.duedfp	0
DUEMDT	Date must be prior to or the same as maturity date	1	300	sanchez.pa.stbler.duemdt	0
DUPSEQ	Duplicate sequence number	1	300	sanchez.pa.stbler.dupseq	0
EANSU	Escrow account does not exist	1	300	sanchez.pa.stbler.eansu	0
ECREV	Transaction has been <<MSG`>> see sequence number <<MSG2>>	1	300	sanchez.pa.stbler.ecrev	0
EFDDTNT	Cannot effective-date prior to date of note	1	300	sanchez.pa.stbler.efddtnt	0
EFDINDX1	Error in recalculation of account accrual or interest	1	300	sanchez.pa.stbler.efdindx1	0
EFDINDX2	Loan offset processing must be rerun for <<OFFD>>	1	300	sanchez.pa.stbler.efdindx2	0
EFDINDX3	No adjustment.  Rate change within an interest offset period	1	300	sanchez.pa.stbler.efdindx3	0
EFDINPST	Effective date may not be in the past	1	300	sanchez.pa.stbler.efdinpst	0
EFDODD	Cannot effective-date prior to disbursement date	1	300	sanchez.pa.stbler.efdodd	0
EFDODT	Disbursement date must equal Date of Note when Opening Date is backdated.	1	300	sanchez.pa.stbler.efdodt	0
EFDPMT	Payment(s) dated after effective date must be reversed first	1	300	sanchez.pa.stbler.efdpmt	0
ENDNUMLOW	End check number must be greater than beginning number	1	300	sanchez.pa.stbler.endnumlow	0
ENTAMT+-	Enter the new amount or the change amount preceded by + or -	1	300	sanchez.pa.stbler.entamt+-	0
ENTERQ	Enter Q to quit	1	300	sanchez.pa.stbler.enterq	0
EPFIU	Escrow Remittance Posting file in use	1	300	sanchez.pa.stbler.epfiu	0
EPPEN	Enter value for tier <<DESC>>	1	300	sanchez.pa.stbler.eppen	0
EPPEN2	Enter each payent tier once	1	300	sanchez.pa.stbler.eppen2	0
ERRCAL	Error in calculations	1	300	sanchez.pa.stbler.errcal	0
ERRJOB	Error in job	1	300	sanchez.pa.stbler.errjob	1
ESC2RND	Invalid escrow priority to round	1	300	sanchez.pa.stbler.esc2rnd	0
ESCSP	Escrow account is self-pay	1	300	sanchez.pa.stbler.escsp	0
ESCSR	Remittance stopped	1	300	sanchez.pa.stbler.escsr	0
ETND	Escrow type not defined	1	300	sanchez.pa.stbler.etnd	0
ETUNDEF	Variable ET (error type) not defined	1	300	sanchez.pa.stbler.etundef	1
EXCFD	Through date must be the same as or after start date	1	300	sanchez.pa.stbler.excfd	0
EXCTJD	Response may not exceed system date	1	300	sanchez.pa.stbler.exctjd	0
EXMXLN	Exceeds commitment available balance ($<<AVLBAL>>)	1	300	sanchez.pa.stbler.exmxln	0
EXPON	Password expires on <<$ZD(%EXP)>>	1	300	sanchez.pa.stbler.expon	0
EX_LIFE_LIM	Exceeds number of assessments life limit	1	300	sanchez.pa.stbler.ex_life_lim	0
FEEMAX	Loan fee maximum amount requires maximum option	1	300	sanchez.pa.stbler.feemax	0
FEEMIN	Loan fee minimum amount requires minimum option	1	300	sanchez.pa.stbler.feemin	0
FMT$	Invalid format.  $$$ or $$$.CC required.	1	300	sanchez.pa.stbler.fmt$	0
FMTC	Invalid format.  Time required.	1	300	sanchez.pa.stbler.fmtc	0
FMTD	Invalid format.  Date required.	1	300	sanchez.pa.stbler.fmtd	0
FMTF	Invalid format.  Frequency required.	1	300	sanchez.pa.stbler.fmtf	0
FMTN	Invalid format.  Numeric required.	1	300	sanchez.pa.stbler.fmtn	0
FMTT	Invalid format.  Text required.	1	300	sanchez.pa.stbler.fmtt	0
FMUDBAL	Undisbursed balance cannot be file-maintained on loans	1	300	sanchez.pa.stbler.fmudbal	0
FREPRO	Use standard PROFILE frequency	1	300	sanchez.pa.stbler.frepro	0
FREQAFMIN	Enter at least one valid date	1	300	sanchez.pa.stbler.freqafmin	0
FREQBADFEB	February - choose E or 28 or 29	1	300	sanchez.pa.stbler.freqbadfeb	0
FREQEITHER	<<MONNAME>> - choose E or <<MAXDAY>>	1	300	sanchez.pa.stbler.freqeither	0
FREQEXST	Frequency already exists	1	300	sanchez.pa.stbler.freqexst	0
FREQINVDAT	<<MONNAME>> <<DAY>> is not a valid date	1	300	sanchez.pa.stbler.freqinvdat	0
FREQPRO	PROFILE frequency - cannot be a user frequency	1	300	sanchez.pa.stbler.freqpro	0
GEI001	Wrong format ... example - 'CB 123456'	1	300	sanchez.pa.stbler.gei001	0
GEI002	Not a CD or savings account	1	300	sanchez.pa.stbler.gei002	0
GEI003	Pledge amount exceeds account balance by <<DIFF>>	1	300	sanchez.pa.stbler.gei003	0
GLNS	<<DESC>> G/L not set up for type <<TYPE>>	1	300	sanchez.pa.stbler.glns	1
GLNSU	<<dsc>> G/L not set up for set code <<glsc>>	1	300	sanchez.pa.stbler.glnsu	1
GLOPARS	Invalid global syntax - re-enter	1	300	sanchez.pa.stbler.glopars	0
GRPEXSTS	Group <<GRP>> already exists	1	300	sanchez.pa.stbler.grpexsts	0
HT_GETDONE	All reply messages have been received	1	300	sanchez.pa.stbler.ht_getdone	1
HT_ISCONNECT	Thread has already connected	1	300	sanchez.pa.stbler.ht_isconnect	1
HT_ISINIT	Scheduler initialization already run	1	300	sanchez.pa.stbler.ht_isinit	1
HT_NOCONNECT	Thread connect has not been done	1	300	sanchez.pa.stbler.ht_noconnect	1
HT_NOMSG	Did not retrieve message	1	300	sanchez.pa.stbler.ht_nomsg	1
HT_NOMSGS0	"No messages, not in shutdown status 1"	1	300	sanchez.pa.stbler.ht_nomsgs0	1
HT_NOMSGS1	"No messages, in shutdown status"	1	300	sanchez.pa.stbler.ht_nomsgs1	1
HT_NOREGBUFS	No registration buffers are available	1	300	sanchez.pa.stbler.ht_noregbufs	1
HT_NOREPLY	Did not reply to last message retrieved	1	300	sanchez.pa.stbler.ht_noreply	1
HT_NOSCHINIT	Scheduler initialization not run	1	300	sanchez.pa.stbler.ht_noschinit	1
HT_NOSHUTDWN	Shutdown mode is not active	1	300	sanchez.pa.stbler.ht_noshutdwn	1
HT_OSERR	Operating system error	1	300	sanchez.pa.stbler.ht_oserr	1
HT_SHUTDOWN	Shutdown mode is active	1	300	sanchez.pa.stbler.ht_shutdown	1
HT_TIMEOUT	Timeout	1	300	sanchez.pa.stbler.ht_timeout	0
ICOA	Invalid closeout amount	1	300	sanchez.pa.stbler.icoa	0
IDP	Invalid for interest due at payment loans	1	300	sanchez.pa.stbler.idp	0
IGLNSU	Insurance general ledger not set up	1	300	sanchez.pa.stbler.iglnsu	0
INDEX1	Invalid index name	1	300	sanchez.pa.stbler.index1	0
INDEX10	Cannot link deposit account to index with IRATO value	1	300	sanchez.pa.stbler.index10	0
INDEX11	Interest index processing requires value in last change date	1	300	sanchez.pa.stbler.index11	0
INDEX12	Interest index processing requires value in next change date	1	300	sanchez.pa.stbler.index12	0
INDEX13	Index processing requires value in interest change frequency	1	300	sanchez.pa.stbler.index13	0
INDEX2	Invalid index offset syntax	1	300	sanchez.pa.stbler.index2	0
INDEX3	Invalid rounding instruction	1	300	sanchez.pa.stbler.index3	0
INDEX4	Invalid index rounding percentage	1	300	sanchez.pa.stbler.index4	0
INDEX5	Extraneous index plan information entered	1	300	sanchez.pa.stbler.index5	0
INDEX6	Interest plan does not exist in account	1	300	sanchez.pa.stbler.index6	0
INDEX7	Rate has not been entered for effective date	1	300	sanchez.pa.stbler.index7	0
INDEX8	Error loading index array	1	300	sanchez.pa.stbler.index8	0
INDEX9	Index array not loaded	1	300	sanchez.pa.stbler.index9	0
INIP	Item is not in the priority for this loan	1	300	sanchez.pa.stbler.inip	0
INSUFF	Insufficient funds	1	300	sanchez.pa.stbler.insuff	1
INTCFR	Interest change dates do not correspond to payment due dates	1	300	sanchez.pa.stbler.intcfr	0
INTFRE	Invalid interest change frequency	1	300	sanchez.pa.stbler.intfre	0
INTOFF	Invalid interest change offset	1	300	sanchez.pa.stbler.intoff	0
INTPRM	Invalid rate change/index parameters	1	300	sanchez.pa.stbler.intprm	0
INVAOP	Invalid add-on payee	1	300	sanchez.pa.stbler.invaop	0
INVAOT	Invalid add-on type	1	300	sanchez.pa.stbler.invaot	0
INVATMTYP	Invalid ATM card type	1	300	sanchez.pa.stbler.invatmtyp	0
INVBRANCH	Branch code not defined in DDP table	1	300	sanchez.pa.stbler.invbranch	0
INVCKRNG	Line <<%LN>> - invalid check range	1	300	sanchez.pa.stbler.invckrng	0
INVDCF	Invalid debit/credit flag	1	300	sanchez.pa.stbler.invdcf	0
INVGLSC	Invalid GL set code	1	300	sanchez.pa.stbler.invglsc	0
INVI	Invalid - interest only.  Term is outside calculable range.	1	300	sanchez.pa.stbler.invi	0
INVICM	Invalid interest calculation method	1	300	sanchez.pa.stbler.invicm	0
INVITYP	Invalid insurance type	1	300	sanchez.pa.stbler.invityp	0
INVLD	Invalid response	1	300	sanchez.pa.stbler.invld	0
INVLDACN	Invalid account	1	300	sanchez.pa.stbler.invldacn	0
INVLDADT	Invalid analysis date - modify account first	1	300	sanchez.pa.stbler.invldadt	0
INVLDANS	Invalid calculation - no rate calculated	1	300	sanchez.pa.stbler.invldans	0
INVLDBA	Invalid business account	1	300	sanchez.pa.stbler.invldba	0
INVLDBLMD	Not enabled for block mode	1	300	sanchez.pa.stbler.invldblmd	0
INVLDCC	Invalid cost center	1	300	sanchez.pa.stbler.invldcc	0
INVLDCDAT	Invalid convertible loan conversion date	1	300	sanchez.pa.stbler.invldcdat	0
INVLDCF	Invalid cash flow series	1	300	sanchez.pa.stbler.invldcf	1
INVLDCHR	Invalid format.  Do not use a period (.)	1	300	sanchez.pa.stbler.invldchr	0
INVLDCIF	Invalid CIF record	1	300	sanchez.pa.stbler.invldcif	0
INVLDCLS	Invalid product class	1	300	sanchez.pa.stbler.invldcls	0
INVLDCOM	Invalid company or group	1	300	sanchez.pa.stbler.invldcom	0
INVLDCTYP	Invalid convertible loan type	1	300	sanchez.pa.stbler.invldctyp	0
INVLDCYC	"Invalid cycle - use S, D, M, W, Q, or Y"	1	300	sanchez.pa.stbler.invldcyc	0
INVLDDAT	"Invalid date reference - use A, N, P, E, or actual date"	1	300	sanchez.pa.stbler.invlddat	0
INVLDDEV	Invalid device	1	300	sanchez.pa.stbler.invlddev	0
INVLDDT	Invalid date	1	300	sanchez.pa.stbler.invlddt	0
INVLDFM	Invalid FM value	1	300	sanchez.pa.stbler.invldfm	0
INVLDFN	Invalid function name	1	300	sanchez.pa.stbler.invldfn	0
INVLDFRE	Invalid frequency	1	300	sanchez.pa.stbler.invldfre	0
INVLDFRE1	Invalid frequency	1	300	sanchez.pa.stbler.invldfre1	1
INVLDGRC	FM invalid during grace period	1	300	sanchez.pa.stbler.invldgrc	0
INVLDGRP	Invalid product group	1	300	sanchez.pa.stbler.invldgrp	0
INVLDHST	Invalid host function	1	300	sanchez.pa.stbler.invldhst	0
INVLDIFLG	Invalid interim/permanent/deferred status flag	1	300	sanchez.pa.stbler.invldiflg	0
INVLDINDX	Invalid index.  Press the HELP key for assistance.	1	300	sanchez.pa.stbler.invldindx	0
INVLDIO	Invalid device <<IO>>	1	300	sanchez.pa.stbler.invldio	0
INVLDITM	Invalid priority in account string	1	300	sanchez.pa.stbler.invlditm	1
INVLDMSG	Invalid Message ID	1	300	sanchez.pa.stbler.invldmsg	1
INVLDNFMET	Invalid deferred fee amortization method	1	300	sanchez.pa.stbler.invldnfmet	0
INVLDNODE	Invalid node	1	300	sanchez.pa.stbler.invldnode	0
INVLDOPT	May not modify or delete.  Table is currently being used.	1	300	sanchez.pa.stbler.invldopt	0
INVLDPFINDR	Invalid path-finder in account priority	1	300	sanchez.pa.stbler.invldpfindr	1
INVLDPLN	Plan in use	1	300	sanchez.pa.stbler.invldpln	0
INVLDPMET	Invalid production method.  Use <<CPM>>.	1	300	sanchez.pa.stbler.invldpmet	0
INVLDPWD	Invalid password	1	300	sanchez.pa.stbler.invldpwd	0
INVLDRMT	Invalid front-end function	1	300	sanchez.pa.stbler.invldrmt	0
INVLDRPT	Invalid report linkage <<RID>>	1	300	sanchez.pa.stbler.invldrpt	1
INVLDRPUID	Invalid repost user ID	1	300	sanchez.pa.stbler.invldrpuid	0
INVLDSCR	Invalid screen linkage <<SID>>	1	300	sanchez.pa.stbler.invldscr	1
INVLDSDFRE	Start date for frequency is invalid	1	300	sanchez.pa.stbler.invldsdfre	0
INVLDSGNON	Already signed on	1	300	sanchez.pa.stbler.invldsgnon	0
INVLDSQ	Invalid sequence number	1	300	sanchez.pa.stbler.invldsq	0
INVLDSTLNK	No statement linkage to this CIF	1	300	sanchez.pa.stbler.invldstlnk	0
INVLDSTMT	Invalid statement group	1	300	sanchez.pa.stbler.invldstmt	0
INVLDSTRG	May not delete priority or modify order of string	1	300	sanchez.pa.stbler.invldstrg	0
INVLDSTYP	Invalid preauthorized transfer source type	1	300	sanchez.pa.stbler.invldstyp	0
INVLDTBL	Invalid look-up table	1	300	sanchez.pa.stbler.invldtbl	0
INVLDTC	Invalid transaction code	1	300	sanchez.pa.stbler.invldtc	0
INVLDTCC	Invalid transaction code class	1	300	sanchez.pa.stbler.invldtcc	0
INVLDTCPAY	Invalid transaction for payroll	1	300	sanchez.pa.stbler.invldtcpay	0
INVLDTX	Invalid TIN/SIN	1	300	sanchez.pa.stbler.invldtx	0
INVLDTYP	Invalid product type	1	300	sanchez.pa.stbler.invldtyp	0
INVLDUID	Invalid user	1	300	sanchez.pa.stbler.invlduid	0
INVMEM	Invalid member number	1	300	sanchez.pa.stbler.invmem	0
INVP	Payment amount must exceed the first payment's interest due	1	300	sanchez.pa.stbler.invp	0
INVPACM	Invalid payoff accrual calculation method	1	300	sanchez.pa.stbler.invpacm	0
INVT	Term is less than or equal to zero	1	300	sanchez.pa.stbler.invt	0
INVTYPD	Deposit product types only	1	300	sanchez.pa.stbler.invtypd	0
IPPPF	Invalid payment path finder	1	300	sanchez.pa.stbler.ipppf	0
IRAD	At least one account must be included in the plan	1	300	sanchez.pa.stbler.irad	0
IRADIS1	Invalid back office closeout routine	1	300	sanchez.pa.stbler.iradis1	1
IRADSTNAL	Retirement plan account distribution not allowed	1	300	sanchez.pa.stbler.iradstnal	0
IRASTRT	Retirement plan account statements must have start date	1	300	sanchez.pa.stbler.irastrt	0
IRNINDX	Rate cannot be modified when tiered index is used	1	300	sanchez.pa.stbler.irnindx	0
IRNRNG	Outside valid range (<<B>> - <<C>>%) for loan type <<TYPE>>	1	300	sanchez.pa.stbler.irnrng	0
IWAIU	Insurance wash account in use	1	300	sanchez.pa.stbler.iwaiu	0
IWANSU	Wash account does not exist	1	300	sanchez.pa.stbler.iwansu	0
JOBCREATE	Detached process could not be created	1	300	sanchez.pa.stbler.jobcreate	1
JS_SHUTDOWN	Abnormal thread shutdown	1	300	sanchez.pa.stbler.js_shutdown	0
LABD	Effective date must equal system date if run in	1	300	sanchez.pa.stbler.labd	0
LARUFCHG	Cannot change undisbursed processing flag	1	300	sanchez.pa.stbler.larufchg	0
LARUFTRB	Credit balance loans cannot use undisbursed processing	1	300	sanchez.pa.stbler.laruftrb	0
LBDDAT	First payment date (<<$ZD(DAT)>>) is not consistent with payment frequency (<<FRE>>)	1	300	sanchez.pa.stbler.lbddat	0
LBDDAT1	Must be later than Int Prepaid To date when interest collected in arrears	1	300	sanchez.pa.stbler.lbddat1	0
LBDDAT2	Must equal Int Prepaid To date when interest collected in advance	1	300	sanchez.pa.stbler.lbddat2	0
LBDREM	Date does not correspond to remittance frequency <<FRE>>	1	300	sanchez.pa.stbler.lbdrem	0
LCRLMT	Maximum credit limit ($<<A>>) exceeded	1	300	sanchez.pa.stbler.lcrlmt	0
LESSONE	Checks are not loaded in printer	1	300	sanchez.pa.stbler.lessone	0
LESSTEN	Less than 10 checks are loaded	1	300	sanchez.pa.stbler.lessten	0
LGL5	G/L set code missing G/L account: miscellaneous income	1	300	sanchez.pa.stbler.lgl5	0
LGL6	G/L set code missing G/L account: escrow suspense	1	300	sanchez.pa.stbler.lgl6	0
LGLF	G/L set code missing G/L account: loan fee income	1	300	sanchez.pa.stbler.lglf	0
LGLL	G/L set code missing G/L account: late charge income	1	300	sanchez.pa.stbler.lgll	0
LGLNB	G/L set code missing G/L account: negative balance totals	1	300	sanchez.pa.stbler.lglnb	0
LMAXFND	Maximum funding limit will be exceeded	1	300	sanchez.pa.stbler.lmaxfnd	0
LNAEU1	Activity recorded since extract process.	1	300	sanchez.pa.stbler.lnaeu1	0
LNAEU5	Invalid.  Account is not coded for auto escrow processing.	1	300	sanchez.pa.stbler.lnaeu5	0
LNANAP	Non-accrual G/L link not set up in product type	1	300	sanchez.pa.stbler.lnanap	0
LNAO1	Add-on amortization user is not defined	1	300	sanchez.pa.stbler.lnao1	0
LNAO10	Payee collection % of bal not defined.  Account not processed.	1	300	sanchez.pa.stbler.lnao10	0
LNAO12	"Zero interest rate, not processed"	1	300	sanchez.pa.stbler.lnao12	0
LNAO13	Amortization frequency undefined.  Account not processed.	1	300	sanchez.pa.stbler.lnao13	0
LNAO2	Add-on user does not exist in user table	1	300	sanchez.pa.stbler.lnao2	0
LNAO4	Amount processed equals zero	1	300	sanchez.pa.stbler.lnao4	0
LNAO5	Amortization method undefined.  Account not processed.	1	300	sanchez.pa.stbler.lnao5	0
LNAO6	Posting branch not defined	1	300	sanchez.pa.stbler.lnao6	0
LNAO7	Posting transaction code not defined.  Posting halted.	1	300	sanchez.pa.stbler.lnao7	0
LNAO8	Posting offset account not defined.  Posting halted.	1	300	sanchez.pa.stbler.lnao8	0
LNAO9	Payee collection rate not defined.  Posting halted.	1	300	sanchez.pa.stbler.lnao9	0
LNBCHG2A	Account is not coded to assess billing charges	1	300	sanchez.pa.stbler.lnbchg2a	0
LNBLDDT	First billing date (<<$ZD(DTE)>>) precedes today's date	1	300	sanchez.pa.stbler.lnblddt	0
LNBLDDT2	Next scheduled payment date precedes today's date	1	300	sanchez.pa.stbler.lnblddt2	0
LNBLOFF1	Account is currently in billing offset period	1	300	sanchez.pa.stbler.lnbloff1	0
LNBLOFF2	Change would place account in billing offset period	1	300	sanchez.pa.stbler.lnbloff2	0
LNBLOFF3	"May not transfer from/to frequency ""1P"" on other than payment date"	1	300	sanchez.pa.stbler.lnbloff3	0
LNBLOFF4	Billing offset must be greater than zero	1	300	sanchez.pa.stbler.lnbloff4	0
LNCOLCD	Collateral code must be supported by a collateral record	1	300	sanchez.pa.stbler.lncolcd	0
LNCOLCD2	Use collateral create function to add secured collateral	1	300	sanchez.pa.stbler.lncolcd2	0
LNCON	Not available for construction loan conversion	1	300	sanchez.pa.stbler.lncon	0
LNCONDIL1	Next due date <<ND>> precedes date of first payment <<FP>>	1	300	sanchez.pa.stbler.lncondil1	0
LNCONE	Cannot manually create bills for accounts with escrow	1	300	sanchez.pa.stbler.lncone	0
LNCP1A	Loan is not coded for coupon production	1	300	sanchez.pa.stbler.lncp1a	0
LNCP1B	Coupon order currently on file dated <<DATE1>>	1	300	sanchez.pa.stbler.lncp1b	0
LNCP1C	No coupon orders currently on file	1	300	sanchez.pa.stbler.lncp1c	0
LNCP1D	Production date may not be in the past	1	300	sanchez.pa.stbler.lncp1d	0
LNCP1E	Production date may not exceed today by more than one year	1	300	sanchez.pa.stbler.lncp1e	0
LNDEL2	Invalid option = <<LNDRBY>> for NCUA	1	300	sanchez.pa.stbler.lndel2	0
LNEABP1	Escrow analysis change in process flag is invalid.  Account not reset.	1	300	sanchez.pa.stbler.lneabp1	0
LNEABP2	Account has no balance.  Account not reset.	1	300	sanchez.pa.stbler.lneabp2	0
LNEABP3	Invalid next analysis change date.  Not reset.	1	300	sanchez.pa.stbler.lneabp3	0
LNEABP4	Account locked by another user.  Account not processed.	1	300	sanchez.pa.stbler.lneabp4	0
LNEDGP	Account is not coded to allow for multiple frequencies	1	300	sanchez.pa.stbler.lnedgp	0
LNEDGP1	Function may not be used to invoke payment schedule processing	1	300	sanchez.pa.stbler.lnedgp1	0
LNEDGP2	Function may not be used to remove payment schedule processing	1	300	sanchez.pa.stbler.lnedgp2	0
LNEDGP3	Frequency must be entered for previous distribution first	1	300	sanchez.pa.stbler.lnedgp3	0
LNEDGP4	Maturity date required to enter standard frequency for payment schedule loan	1	300	sanchez.pa.stbler.lnedgp4	0
LNESDUE	Amounts are due for escrow type <<TRTYPE>>	1	300	sanchez.pa.stbler.lnesdue	0
LNESMAX	Exceeds maximum # of <<IBILFF>> escrow records per account.	1	300	sanchez.pa.stbler.lnesmax	0
LNESNEW	'File' option available only if new payment elements added.	1	300	sanchez.pa.stbler.lnesnew	0
LNEXTDD	Precedes disbursement date (<<$$^%ZD(DAT)>>)	1	300	sanchez.pa.stbler.lnextdd	0
LNFEE1	Transaction group required with assessment method of 2	1	300	sanchez.pa.stbler.lnfee1	0
LNFEE2	Tran group only applicable when assessment equals 2	1	300	sanchez.pa.stbler.lnfee2	0
LNFEE3	Assessment method requires frequency	1	300	sanchez.pa.stbler.lnfee3	0
LNFEE4	Frequency not applicable with asssessment method	1	300	sanchez.pa.stbler.lnfee4	0
LNFEE5	"Fee plan requires fixed amount, function call, or DATA-QWIK items"	1	300	sanchez.pa.stbler.lnfee5	0
LNFEE6	"""Assess at payoff"" only valid when calculation method is 1 or 3"	1	300	sanchez.pa.stbler.lnfee6	0
LNFEE7	Basis element links back to itself	1	300	sanchez.pa.stbler.lnfee7	0
LNFEE8	Payment elements only allowed with calc method of 2 or 3	1	300	sanchez.pa.stbler.lnfee8	0
LNFEE9	Function call only valid with calc method of 2 or 3	1	300	sanchez.pa.stbler.lnfee9	0
LNGPMREQ	Required if payment change method is equal to 2 or 3	1	300	sanchez.pa.stbler.lngpmreq	0
LNHS1	Payment transactions only	1	300	sanchez.pa.stbler.lnhs1	0
LNLIM	Amount requested exceeds officer's lending limit ($<<LIM>>)	1	300	sanchez.pa.stbler.lnlim	0
LNLS1	Seller has pools attached	1	300	sanchez.pa.stbler.lnls1	0
LNLS2	Pool has accounts attached	1	300	sanchez.pa.stbler.lnls2	0
LNLS2A	Wash account required for remittance method of 6	1	300	sanchez.pa.stbler.lnls2a	0
LNLS3	Group has accounts attached	1	300	sanchez.pa.stbler.lnls3	0
LNLS4A	Account not processing as a contra account	1	300	sanchez.pa.stbler.lnls4a	0
LNLS4A2	Amount sold exceeds loan balance	1	300	sanchez.pa.stbler.lnls4a2	0
LNLS4A3	Amount sold exceeds contra account available balance	1	300	sanchez.pa.stbler.lnls4a3	0
LNLS4A4	Must have zero balance	1	300	sanchez.pa.stbler.lnls4a4	0
LNLS4A5	Primary CIF of account differs from that of investor	1	300	sanchez.pa.stbler.lnls4a5	0
LNLS4B	Contra accounts cannot be sold	1	300	sanchez.pa.stbler.lnls4b	0
LNMPD1	No payment elements linked to defined frequency <<FREQ>>	1	300	sanchez.pa.stbler.lnmpd1	0
LNNA1	Non-accrual G/L link differs from product type value	1	300	sanchez.pa.stbler.lnna1	0
LNNA2	G/L link differs from product type value	1	300	sanchez.pa.stbler.lnna2	0
LNNA3	Non-accrual G/L link not changed	1	300	sanchez.pa.stbler.lnna3	0
LNNEPF	Non-escrow processing type	1	300	sanchez.pa.stbler.lnnepf	0
LNNEW6	Account's payment string does not include escrow types	1	300	sanchez.pa.stbler.lnnew6	0
LNNEW6A	Must be zero for self-pay accounts	1	300	sanchez.pa.stbler.lnnew6a	0
LNNFMRT	Net deferred amortization method 1 requires term	1	300	sanchez.pa.stbler.lnnfmrt	0
LNNSUA	Loan not set up for automatic non-accrual	1	300	sanchez.pa.stbler.lnnsua	0
LNONFIL	Currently on file	1	300	sanchez.pa.stbler.lnonfil	0
LNONLY	Loan accounts only	1	300	sanchez.pa.stbler.lnonly	0
LNPATB	Invalid preauthorized transfer payment batch	1	300	sanchez.pa.stbler.lnpatb	0
LNPATOF	Invalid preauthorized transfer payment offset code	1	300	sanchez.pa.stbler.lnpatof	0
LNPATOF2	PAT payment offset code must be a miscellaneous transaction code	1	300	sanchez.pa.stbler.lnpatof2	0
LNPATOF3	PAT payment offset code must be a debit transaction code	1	300	sanchez.pa.stbler.lnpatof3	0
LNPP1	Investor has accounts attached	1	300	sanchez.pa.stbler.lnpp1	0
LNPP2	Pool has accounts attached	1	300	sanchez.pa.stbler.lnpp2	0
LNPP4A1	Account not currently in designated loan purchase file	1	300	sanchez.pa.stbler.lnpp4a1	0
LNPP4A2	Invalid account number	1	300	sanchez.pa.stbler.lnpp4a2	0
LNPP4B	Effect is to increase purchased portion in excess of current balance	1	300	sanchez.pa.stbler.lnpp4b	0
LNPP4D	Invalid account for this seller and pool	1	300	sanchez.pa.stbler.lnpp4d	0
LNPP4F	"Loan currently in purchase pool <<P1>>, investor <<S1>>"	1	300	sanchez.pa.stbler.lnpp4f	0
LNPPC3A	Interest change frequency requires interest index	1	300	sanchez.pa.stbler.lnppc3a	0
LNPRI1	Change only one item	1	300	sanchez.pa.stbler.lnpri1	0
LNPRI2	Invalid priority item	1	300	sanchez.pa.stbler.lnpri2	0
LNPRT2	Currently on file	1	300	sanchez.pa.stbler.lnprt2	0
LNPRT2A	No wash accounts created for investor's CIF	1	300	sanchez.pa.stbler.lnprt2a	0
LNPRT2B	Auto payment option requires frequency and next date	1	300	sanchez.pa.stbler.lnprt2b	0
LNPRT2C	Auto payment option selected requires blank frequency and dates	1	300	sanchez.pa.stbler.lnprt2c	0
LNPRT4A	Pool and/or group inconsistent with investor	1	300	sanchez.pa.stbler.lnprt4a	0
LNPRT4A1	Account not currently in designated loan sale file	1	300	sanchez.pa.stbler.lnprt4a1	0
LNPRT4A2	Invalid account number	1	300	sanchez.pa.stbler.lnprt4a2	0
LNPRT4B	Effect is to increase portion sold in excess of current balance	1	300	sanchez.pa.stbler.lnprt4b	0
LNPRT4C	Account currently resides in designated loan sale file	1	300	sanchez.pa.stbler.lnprt4c	0
LNPRT4D	Account has not been removed from pool	1	300	sanchez.pa.stbler.lnprt4d	0
LNPRT5A	Participation sale user not defined	1	300	sanchez.pa.stbler.lnprt5a	0
LNPRT5B	Participation sale user <<A>> not defined	1	300	sanchez.pa.stbler.lnprt5b	0
LNPRT5C	Participation sale branch <<A>> not defined	1	300	sanchez.pa.stbler.lnprt5c	0
LNPRT5D	Wash account <<A>> not defined	1	300	sanchez.pa.stbler.lnprt5d	0
LNPRT5E	Participation product type <<A>> is not defined	1	300	sanchez.pa.stbler.lnprt5e	0
LNPRT5F	"Participation teller control table (^UTBL(""SRC"" not defined"	1	300	sanchez.pa.stbler.lnprt5f	0
LNPS01	"Invalid link to distribution 2.  Frequency is not ""*""."	1	300	sanchez.pa.stbler.lnps01	0
LNPS02	"Invalid link to distribution 3.  Frequency is not ""*""."	1	300	sanchez.pa.stbler.lnps02	0
LNPS03	"Invalid link to distribution 4.  Frequency is not ""*""."	1	300	sanchez.pa.stbler.lnps03	0
LNPS04	Principal payment amount change prohibited	1	300	sanchez.pa.stbler.lnps04	0
LNPS05	Must first move or delete principal change amount	1	300	sanchez.pa.stbler.lnps05	0
LNPS06	Difference between <<$ZD(P)>> and <<$ZD(T)>> does not exceed billing offset (<<A>>).	1	300	sanchez.pa.stbler.lnps06	0
LNPS07	Payment schedule processing.  No elements may be linked to distribution 1.	1	300	sanchez.pa.stbler.lnps07	0
LNPS08	"At least one secondary first date must be master payment date:  <<$ZD($P(LN(64),%,2))>>."	1	300	sanchez.pa.stbler.lnps08	0
LNPS09	Account is not coded for payment schedule processing	1	300	sanchez.pa.stbler.lnps09	0
LNPS10	No elements are scheduled for collection on payment date <<$ZD(PDD(N))>>	1	300	sanchez.pa.stbler.lnps10	0
LNPS11	Principal is not due on <<$ZD(N)>> principal change date	1	300	sanchez.pa.stbler.lnps11	0
LNPS12	Payment date <<$ZD(PDD(N))>> repeated	1	300	sanchez.pa.stbler.lnps12	0
LNPS13	No elements are scheduled for collection on payment date	1	300	sanchez.pa.stbler.lnps13	0
LNPSND	Account does not support this frequency	1	300	sanchez.pa.stbler.lnpsnd	0
LNPSND1	Next date should be <<$$^%ZD(NJD)>>	1	300	sanchez.pa.stbler.lnpsnd1	0
LNPURG2	Must enter specific date for account(s) entered	1	300	sanchez.pa.stbler.lnpurg2	0
LNPURGE	This purge cannot be run to the terminal	1	300	sanchez.pa.stbler.lnpurge	0
LNRADE	Remittance date must correspond with payee's frequency ( <<FRE>> )	1	300	sanchez.pa.stbler.lnrade	0
LNRNWEFDDEL	Loan renewal EFD maintenance refected due to delinquency	1	300	sanchez.pa.stbler.lnrnwefddel	0
LNRNWRJDEL	Loan renewal rejected due to delinquency	1	300	sanchez.pa.stbler.lnrnwrjdel	0
LNRTRQ	Must have a rate or index	1	300	sanchez.pa.stbler.lnrtrq	0
LNUCPF1	Function requires modification of master payment frequency	1	300	sanchez.pa.stbler.lnucpf1	0
LNUCPF10	Bill date must be after bill date of last record in payment file	1	300	sanchez.pa.stbler.lnucpf10	0
LNUCPF11	Payments with due dates in future have been satisfied	1	300	sanchez.pa.stbler.lnucpf11	0
LNUCPF12	Associated billing date must be in the past	1	300	sanchez.pa.stbler.lnucpf12	0
LNUCPF13	Payment record due dates are not consecutive	1	300	sanchez.pa.stbler.lnucpf13	0
LNUCPF14	Payment date must be modified or deleted	1	300	sanchez.pa.stbler.lnucpf14	0
LNUCPF15	Satisfied payment record may not be deleted	1	300	sanchez.pa.stbler.lnucpf15	0
LNUCPF16	Remove revised payment date before deleting	1	300	sanchez.pa.stbler.lnucpf16	0
LNUCPF2	Annual factor of new frequency must equal that of old	1	300	sanchez.pa.stbler.lnucpf2	0
LNUCPF3	"Conversion from payment schedule ""*"" frequency prohibited"	1	300	sanchez.pa.stbler.lnucpf3	0
LNUCPF4	Use functions LNS121 and LNPS01 to maintain payment schedule information	1	300	sanchez.pa.stbler.lnucpf4	0
LNUCPF5	Payments with billing dates in future have been satisfied	1	300	sanchez.pa.stbler.lnucpf5	0
LNUCPF6	Use correction function to establish payment schedule	1	300	sanchez.pa.stbler.lnucpf6	0
LNUCPF7	Must be after due date of last record in payment file	1	300	sanchez.pa.stbler.lnucpf7	0
LNUCPF8	Due date must correspond to new payment frequency	1	300	sanchez.pa.stbler.lnucpf8	0
LNUCPF9	Next secondary due date cannot precede first payment above	1	300	sanchez.pa.stbler.lnucpf9	0
LNUSFV1	New <<$G(P2)>> date inconsistent with <<$G(P1)>> frequency	1	300	sanchez.pa.stbler.lnusfv1	0
LNUSFV2	New <<$G(P2)>> frequency inconsistent with <<$G(P1)>> frequency	1	300	sanchez.pa.stbler.lnusfv2	0
LNUSFV3	Verification utility requires both frequency and next processing date	1	300	sanchez.pa.stbler.lnusfv3	0
LPSTDT	Date must not precede system date	1	300	sanchez.pa.stbler.lpstdt	0
LREVLNK	Revolving commitment may not spawn sub-commitments	1	300	sanchez.pa.stbler.lrevlnk	0
LSCA251	No collateral records tied to this loan	1	300	sanchez.pa.stbler.lsca251	0
LSCHDIF	Difference between scheduled dates is less than billing offset	1	300	sanchez.pa.stbler.lschdif	0
LSTEFD	Precedes maximum days allowed for effective-dated transaction	1	300	sanchez.pa.stbler.lstefd	0
M1099	Record cannot be deleted.  Prior year IRS information needed.	1	300	sanchez.pa.stbler.m1099	0
MAXADJ	Accrual adjustment exceeds maximum allowed	1	300	sanchez.pa.stbler.maxadj	1
MCPFR	Multicurrency environment - function restricted	1	300	sanchez.pa.stbler.mcpfr	0
MCPNE	Multicurrency processing not enabled	1	300	sanchez.pa.stbler.mcpne	0
MDC	"Interest, principal, and fee counts may not be modified"	1	300	sanchez.pa.stbler.mdc	0
MDC1	New counts must exceed those at beginning of process	1	300	sanchez.pa.stbler.mdc1	0
MDC2	May not link escrows to a loan contra account	1	300	sanchez.pa.stbler.mdc2	0
MEA	Invalid suffix	1	300	sanchez.pa.stbler.mea	0
MEMXST	Member already exists	1	300	sanchez.pa.stbler.memxst	0
MENUREST	Access to system currently restricted	1	300	sanchez.pa.stbler.menurest	0
MISSDI	Missing data items	1	300	sanchez.pa.stbler.missdi	0
MLTFAIL	End-of-day MLT changes aborted due to excessive errors	1	300	sanchez.pa.stbler.mltfail	0
MNBDEF	Permanent loan may not be deferred	1	300	sanchez.pa.stbler.mnbdef	0
MODNAVL	Modeling not available for this product type	1	300	sanchez.pa.stbler.modnavl	0
MPD1	Enter character 'X' to link element	1	300	sanchez.pa.stbler.mpd1	0
MPD2	A count of '0' has been entered for this element	1	300	sanchez.pa.stbler.mpd2	0
MPD3	Frequency not defined for this distribution	1	300	sanchez.pa.stbler.mpd3	0
MPD4	Correct responses result in no more than one 'X' per payment element	1	300	sanchez.pa.stbler.mpd4	0
MSGDTA	Missing data	1	300	sanchez.pa.stbler.msgdta	0
MSGROL	Missing role code <<XROLE>>	1	300	sanchez.pa.stbler.msgrol	0
MSGVDTA	Missing data for variable amounts	1	300	sanchez.pa.stbler.msgvdta	0
MXDRCR	Cannot mix debits and credits for variable amounts	1	300	sanchez.pa.stbler.mxdrcr	0
NAFA	Not all funds applied	1	300	sanchez.pa.stbler.nafa	0
NASNC	Non-accrual status not changed	1	300	sanchez.pa.stbler.nasnc	0
NEGBAL	Account has negavtive balance	1	300	sanchez.pa.stbler.negbal	0
NETDOWN	Network down	1	300	sanchez.pa.stbler.netdown	0
NETWORK	DDP network failure	1	300	sanchez.pa.stbler.network	1
NFPFMET	May not have a recalculation at payment change with method 1	1	300	sanchez.pa.stbler.nfpfmet	0
NFRFMET	May not have a recalulation frequency with method 1	1	300	sanchez.pa.stbler.nfrfmet	0
NFRPCF	Plan may not have a recalculation frequency and recalculation yield flag set	1	300	sanchez.pa.stbler.nfrpcf	0
NFRSPP	Recalculation requires ledger balance to be used	1	300	sanchez.pa.stbler.nfrspp	0
NLT	Not the last transaction for this account	1	300	sanchez.pa.stbler.nlt	0
NO2DEP	Two deposit accounts are not permitted	1	300	sanchez.pa.stbler.no2dep	0
NOADVALL	No advances allowed	1	300	sanchez.pa.stbler.noadvall	0
NOBILL	All amounts in bill file are satisfied	1	300	sanchez.pa.stbler.nobill	0
NOCAL	Invalid non-business date calendar name	1	300	sanchez.pa.stbler.nocal	0
NOCCCH	Cost center change not allowed with this function	1	300	sanchez.pa.stbler.noccch	0
NOCHKLD	No checks loaded on printer	1	300	sanchez.pa.stbler.nochkld	0
NOCIDAS	No account number assigned	1	300	sanchez.pa.stbler.nocidas	0
NOCKNO	Check number does not exist	1	300	sanchez.pa.stbler.nockno	0
NOCOL	Amount modified in non-existent bill	1	300	sanchez.pa.stbler.nocol	0
NOCOLOF	No collateral on file	1	300	sanchez.pa.stbler.nocolof	0
NOCRPGM	Invalid currency exchange routine	1	300	sanchez.pa.stbler.nocrpgm	0
NODEENT	No DAYEND file created for this date	1	300	sanchez.pa.stbler.nodeent	0
NOESCPRIO	No escrow priorities	1	300	sanchez.pa.stbler.noescprio	0
NOFNAUT	No authorization for function	1	300	sanchez.pa.stbler.nofnaut	0
NOHIST	Account <<CID>> does not have any activity	1	300	sanchez.pa.stbler.nohist	0
NOLOANS	No loans for customer number <<ACN>>	1	300	sanchez.pa.stbler.noloans	0
NOMEACR	Current products not coded for periodic accrual	1	300	sanchez.pa.stbler.nomeacr	0
NOMLT	No day-end entries to delete	1	300	sanchez.pa.stbler.nomlt	0
NONFEE	Account does not contain net deferred fees	1	300	sanchez.pa.stbler.nonfee	0
NONFPL	No net fee plan assigned to product type <<TYPE>>	1	300	sanchez.pa.stbler.nonfpl	0
NONREVF	Invalid transaction for non-revolving account	1	300	sanchez.pa.stbler.nonrevf	0
NOODACNS	No overdraft accounts available for this account	1	300	sanchez.pa.stbler.noodacns	0
NOPARREM	No partial remittance allowed	1	300	sanchez.pa.stbler.noparrem	0
NOPRI2RND	No account priority to round	1	300	sanchez.pa.stbler.nopri2rnd	0
NOPSSCN	Payoff accrual method not supported on-line	1	300	sanchez.pa.stbler.nopsscn	0
NOREBPRIO	No rebates to report	1	300	sanchez.pa.stbler.norebprio	0
NOREMDU	No remittance due	1	300	sanchez.pa.stbler.noremdu	0
NOREMOF	No remittance on file for <<$ZD(REMND)>>	1	300	sanchez.pa.stbler.noremof	0
NOSCREEN	No screen linked	1	300	sanchez.pa.stbler.noscreen	0
NOSGNBUS	<<$ZD(TJD)>> is a non-business day - cannot sign on	1	300	sanchez.pa.stbler.nosgnbus	0
NOSTMTS	No statements for <<$ZD(EJD)>>	1	300	sanchez.pa.stbler.nostmts	0
NOTABLE	Invalid table	1	300	sanchez.pa.stbler.notable	0
NOTBOCHK	Check <<CKNO>> - not a back office check	1	300	sanchez.pa.stbler.notbochk	1
NOTDEP	Not a deposit account	1	300	sanchez.pa.stbler.notdep	0
NOTIEPRT	Terminal not tied to a check printer	1	300	sanchez.pa.stbler.notieprt	0
NOTOPEN	Device cannot be opened	1	300	sanchez.pa.stbler.notopen	0
NOTYPECH	Type change not allowed with this function	1	300	sanchez.pa.stbler.notypech	0
NOVAR	Variable <<VAR>> not defined	1	300	sanchez.pa.stbler.novar	0
NPINAPD	Only P&I loans may have payment change next dates	1	300	sanchez.pa.stbler.npinapd	0
NPINAPF	Only P&I loans may use payment change frequencies	1	300	sanchez.pa.stbler.npinapf	0
NPINAPO	Only P&I loans may use payment change offsets	1	300	sanchez.pa.stbler.npinapo	0
NPINARD	Only P&I loans may have reamortization next dates	1	300	sanchez.pa.stbler.npinard	0
NPINARF	Only P&I loans may use reamortization frequencies	1	300	sanchez.pa.stbler.npinarf	0
NTAVL4RLS	Not available for release	1	300	sanchez.pa.stbler.ntavl4rls	0
NTD	Transaction code not defined	1	300	sanchez.pa.stbler.ntd	0
NTTEC	No transaction to error-correct	1	300	sanchez.pa.stbler.nttec	0
NULVAL	Invalid null fields <<DES>>	1	300	sanchez.pa.stbler.nulval	0
OADC	Open account with disbursement code	1	300	sanchez.pa.stbler.oadc	0
ODSITR	Incremental debit amount must be a factor of the incremental	1	300	sanchez.pa.stbler.odsitr	0
ODSMTR	Minimum debit amount cannot be greater than overdraft	1	300	sanchez.pa.stbler.odsmtr	0
OUTOFRNGE	Out of allocated range	1	300	sanchez.pa.stbler.outofrnge	0
PACPED	Current period-ending date not supported by profitability file	1	300	sanchez.pa.stbler.pacped	1
PARTNAM	Enter TIN/SIN or partial name to match	1	300	sanchez.pa.stbler.partnam	0
PAT001	Stop date must be greater than start date	1	300	sanchez.pa.stbler.pat001	0
PAT002	Sum of distributions exceeds deduction amount	1	300	sanchez.pa.stbler.pat002	0
PAT003	System-generated transaction	1	300	sanchez.pa.stbler.pat003	0
PAT004	Debits not allowed under payroll	1	300	sanchez.pa.stbler.pat004	0
PAT005	Enter transaction code first	1	300	sanchez.pa.stbler.pat005	0
PAT006	Transaction code is system-generated	1	300	sanchez.pa.stbler.pat006	0
PAT007	Enter account first	1	300	sanchez.pa.stbler.pat007	0
PAT008	All accounts must be of the same currency	1	300	sanchez.pa.stbler.pat008	0
PATMISC	No miscellaneous field required	1	300	sanchez.pa.stbler.patmisc	0
PAYOFLOCK	Loan account locked for payoff	1	300	sanchez.pa.stbler.payoflock	0
PCCFR	Payment change dates do not correspond to payment due dates	1	300	sanchez.pa.stbler.pccfr	0
PCCFR2	Payment change dates do not correspond to interest change dates	1	300	sanchez.pa.stbler.pccfr2	0
PCFRE	Invalid payment change frequency	1	300	sanchez.pa.stbler.pcfre	0
PCFRED	Payment change frequency cannot be daily	1	300	sanchez.pa.stbler.pcfred	0
PCIFRQ	Primary CIF must be required	1	300	sanchez.pa.stbler.pcifrq	0
PCIFST	Primary CIF already set in role <<XROLE>>	1	300	sanchez.pa.stbler.pcifst	0
PCMRPP	Payment calc method <<PCM>> requires revolving payment plan	1	300	sanchez.pa.stbler.pcmrpp	0
PCMTRM	Payment calc method requires term or maturity date	1	300	sanchez.pa.stbler.pcmtrm	0
PCOFF	Invalid payment change offset	1	300	sanchez.pa.stbler.pcoff	0
PE3OR4	Please enter three of the four values	1	300	sanchez.pa.stbler.pe3or4	0
PEABREF	Prepare escrow analysis before remitting escrow funds	1	300	sanchez.pa.stbler.peabref	0
PFIU	Posting function in use	1	300	sanchez.pa.stbler.pfiu	0
PFRE*1	Invalid payment calc method for payment schedule processing	1	300	sanchez.pa.stbler.pfre*1	0
PFRE*2	Maturity date required for payment schedule processing	1	300	sanchez.pa.stbler.pfre*2	0
PFRE*3	"Requires ""*"" master payment frequency"	1	300	sanchez.pa.stbler.pfre*3	0
PFRE*4	Standard interest period method conflicts with payment schedule processing	1	300	sanchez.pa.stbler.pfre*4	0
PLNAOF	Plan already on file	1	300	sanchez.pa.stbler.plnaof	0
PLNNOF	Plan not on file	1	300	sanchez.pa.stbler.plnnof	0
PMTFRE2	Must be a multiple of master payment frequency	1	300	sanchez.pa.stbler.pmtfre2	0
PMTMIN	Minimum payment amount requires principal in string	1	300	sanchez.pa.stbler.pmtmin	0
PPF	Account prohibits partial payments	1	300	sanchez.pa.stbler.ppf	0
PRCANS	Please calculate answer	1	300	sanchez.pa.stbler.prcans	0
PRDLTZ	Invalid amount.  Payroll deduction less than zero.	1	300	sanchez.pa.stbler.prdltz	0
PREVALLOC	Part or all of this range is already loaded on a printer	1	300	sanchez.pa.stbler.prevalloc	0
PREVVOID	Check already voided	1	300	sanchez.pa.stbler.prevvoid	0
PRIO2LGE	Account priority string is too large	1	300	sanchez.pa.stbler.prio2lge	1
PRIONEQ	Billed due or remaining does not foot	1	300	sanchez.pa.stbler.prioneq	0
PRNTCON	Must be a continuous form printer	1	300	sanchez.pa.stbler.prntcon	0
PRTNAM	Enter partial name to match	1	300	sanchez.pa.stbler.prtnam	0
PSFINC	Payment support file incomplete for this transaction	1	300	sanchez.pa.stbler.psfinc	0
PWDEXP	Your password has expired.  Contact your system manager.	1	300	sanchez.pa.stbler.pwdexp	0
QUEBCHABT	"Job failure in batch, batch aborting"	1	300	sanchez.pa.queue.quebchabt	1
QUEBCHCMP	Batch has successfully completed	1	300	sanchez.pa.queue.quebchcmp	1
QUEBCHCNT	"Job failure in batch, batch continuing"	1	300	sanchez.pa.queue.quebchcnt	1
QUEBCHDPND	Batch resubmitted due to dependency	1	300	sanchez.pa.queue.quebchdpnd	1
QUEBCHSBMT	Batch submit error	1	300	sanchez.pa.queue.quebchsbmt	1
QUEBCHSTP	Batch has been stopped	1	300	sanchez.pa.queue.quebchstp	1
QUEBCHSTRT	Batch has started	1	300	sanchez.pa.queue.quebchstrt	1
QUEEVNTCMP	Event has successfully completed	1	300	sanchez.pa.queue.queevntcmp	1
QUEEVNTSTRT	Event has started	1	300	sanchez.pa.queue.queevntstrt	1
RAMFR	Re-amortization dates do not correspond to payment due dates	1	300	sanchez.pa.stbler.ramfr	0
RCERR	Run control error.  Run <<FN>> first.	1	300	sanchez.pa.stbler.rcerr	1
RECLOC	Record locked by another user	1	300	sanchez.pa.stbler.recloc	0
RECLOCL	Record locked by another user	1	300	sanchez.pa.stbler.reclocl	1
RECMOD	Record modified by other user.  Process aborted.	1	300	sanchez.pa.stbler.recmod	0
RECNOF	Record not on file	1	300	sanchez.pa.stbler.recnof	0
RECOF	Record already on file	1	300	sanchez.pa.stbler.recof	0
RECXCOA	Recovery amount exceeds net charged-off balance	1	300	sanchez.pa.stbler.recxcoa	0
RECXPAMT	Recovery amount exceeds principal portion of transaction	1	300	sanchez.pa.stbler.recxpamt	0
RELACCL	Related account closed	1	300	sanchez.pa.stbler.relaccl	0
REMEX3P	Remittance amount exceeeds remittance for three periods	1	300	sanchez.pa.stbler.remex3p	0
REQ	Required	1	300	sanchez.pa.stbler.req	0
REQPMT	Required - press DO or UP ARROW to exit	1	300	sanchez.pa.stbler.reqpmt	0
REQSGNON	User sign-on required	1	300	sanchez.pa.stbler.reqsgnon	0
REVCR	Must change revolving flag and credit limit seperately	1	300	sanchez.pa.stbler.revcr	0
RNGINC	Line <<%LN>> - conflict w/ check range on branch <<%BRCD>>	1	300	sanchez.pa.stbler.rnginc	0
ROENA	Remittance on estimate not allowed	1	300	sanchez.pa.stbler.roena	0
RPTL	Re-post transaction at a later time	1	300	sanchez.pa.stbler.rptl	0
RSPMADA1	Need spouse's date of birth for calculation.	1	300	sanchez.pa.stbler.rspmada1	0
SAMECRCD	Accounts must be of the same currency code	1	300	sanchez.pa.stbler.samecrcd	0
SAMECRD	Sale prohibited. Loan ~p1 and contra account xxx process	1	300	sanchez.pa.stbler.samecrd	0
SATBIL	Satisfy all outstanding payments via bill record maintenance	1	300	sanchez.pa.stbler.satbil	0
SEL3OF4	"Enter three of the four values, or answer yes"	1	300	sanchez.pa.stbler.sel3of4	0
SEQINUSE	Sequence in use	1	300	sanchez.pa.stbler.seqinuse	0
SEQNOEX	Sequence number does not exist	1	300	sanchez.pa.stbler.seqnoex	0
SRCDEF	Source already defined	1	300	sanchez.pa.stbler.srcdef	0
SRCDEFUND	Source already defined under <<XSRC>>	1	300	sanchez.pa.stbler.srcdefund	0
SRCNDF	Source not defined	1	300	sanchez.pa.stbler.srcndf	0
SRVCMP	Error compiling service fee plan.  Program not compiled.	1	300	sanchez.pa.stbler.srvcmp	1
STMSTRT	Selected statements must have start date	1	300	sanchez.pa.stbler.stmstrt	0
STS=1	Check <<CKNO>> - status = 1	1	300	sanchez.pa.stbler.sts=1	1
SV_DUPLIMSG	Server Error - Duplicate message	1	300	sanchez.pa.stbler.sv_duplimsg	0
SV_ERRUNDEF	Server Error - unidentified error encountered	1	300	sanchez.pa.stbler.sv_errundef	1
SV_INVLDFAP	Server Error - invalid FAP ID; sign-on failed	1	300	sanchez.pa.stbler.sv_invldfap	0
SV_INVLDINS	Server Error - invalid institution ID; sign-on failed	1	300	sanchez.pa.stbler.sv_invldins	0
SV_INVLDLNG	Server Error - invalid language ID; sign-on failed	1	300	sanchez.pa.stbler.sv_invldlng	0
SV_INVLDNMP	Server Error - the network procedure requested is not valid	1	300	sanchez.pa.stbler.sv_invldnmp	0
SV_INVLDPWD	Server Error - invalid password; sign-on failed	1	300	sanchez.pa.stbler.sv_invldpwd	0
SV_INVLDRPC	Server Error - the MRPC requested is not valid	1	300	sanchez.pa.stbler.sv_invldrpc	0
SV_INVLDSFC	Server Error - the function requested is not valid	1	300	sanchez.pa.stbler.sv_invldsfc	0
SV_INVLDSRV	Server Error - the service class requested is not valid	1	300	sanchez.pa.stbler.sv_invldsrv	0
SV_INVLDTKN	Server Error - the client token specified is not valid	1	300	sanchez.pa.stbler.sv_invldtkn	0
SV_INVLDUID	Server Error - invalid user ID; sign-on failed	1	300	sanchez.pa.stbler.sv_invlduid	0
SV_INVLDVER	Server Error - client version of MRPC does not match server	1	300	sanchez.pa.stbler.sv_invldver	0
SV_MSGIDREQ	Server Error - request message requires a message ID	1	300	sanchez.pa.stbler.sv_msgidreq	0
SV_MSGINPRC	Server Error - Message is already in process	1	300	sanchez.pa.stbler.sv_msginprc	0
SV_NOAUTRPC	Server Error - user is not authorized to execute MRPC	1	300	sanchez.pa.stbler.sv_noautrpc	0
SV_NOTSGNON	Server Error - User is not signed on	1	300	sanchez.pa.stbler.sv_notsgnon	1
SV_PSWRDEXP	Server Error - password has expired; sign-on failed	1	300	sanchez.pa.stbler.sv_pswrdexp	0
SV_RPCIDREQ	Server Error - request message requires an MRPC ID	1	300	sanchez.pa.stbler.sv_rpcidreq	0
SV_STNIDREQ	Server Error - station ID required; sign-on failed	1	300	sanchez.pa.stbler.sv_stnidreq	0
SV_SVCLSREQ	Server Error - request message must specify a service class	1	300	sanchez.pa.stbler.sv_svclsreq	0
SV_TOKENREQ	Server Error - request message must specify a client token	1	300	sanchez.pa.stbler.sv_tokenreq	0
SV_USRIDFMT	Server Error - user ID must be numeric; sign-on failed	1	300	sanchez.pa.stbler.sv_usridfmt	0
SV_USRIDREQ	Server Error - user ID required; sign-on failed	1	300	sanchez.pa.stbler.sv_usridreq	0
SV_VERSNREQ	Server Error - request message requires a version number	1	300	sanchez.pa.stbler.sv_versnreq	0
SV_WRONGMSG	Client Error - server reply does not match client request	1	300	sanchez.pa.stbler.sv_wrongmsg	1
SYSDATE	System date must be later than or equal to 1/1/99	1	300	sanchez.pa.stbler.sysdate	0
SYSER	Store and Forward file is on file for a prior date	1	300	sanchez.pa.stbler.syser	0
SYSPROC	System processing error	1	300	sanchez.pa.stbler.sysproc	1
TAOCTS	Transaction(s) for this account are on current screen	1	300	sanchez.pa.stbler.taocts	0
TBLINUSE	Table in use - cannot delete	1	300	sanchez.pa.stbler.tblinuse	0
TNDBTT	Transaction not made by the user	1	300	sanchez.pa.stbler.tndbtt	0
TOTNSET	Total amount for CIF <<ACN>> not set up	1	300	sanchez.pa.stbler.totnset	1
TPFAIL	TP Failure	1	300	sanchez.pa.stbler.tpfail	1
TRACN	Transfer account required for maturity option <<A>>	1	300	sanchez.pa.stbler.tracn	0
TRACN1	Option requires transfer account linked to same commitment	1	300	sanchez.pa.stbler.tracn1	0
TRACN2	Transfer account must be a loan account	1	300	sanchez.pa.stbler.tracn2	0
TRACN3	Must be a transfer account	1	300	sanchez.pa.stbler.tracn3	0
TRB1	May not link a deposit account to a contra account	1	300	sanchez.pa.stbler.trb1	0
TRINB	Transaction results in negative balance	1	300	sanchez.pa.stbler.trinb	0
TRIZB	Transaction results is zero balance	1	300	sanchez.pa.stbler.trizb	0
TRNLB	Transaction results in negative late charge balance	1	300	sanchez.pa.stbler.trnlb	0
TRNMC	Transaction results in negative misc charge balance	1	300	sanchez.pa.stbler.trnmc	0
TRNPROT	Transaction code cannot be deleted	1	300	sanchez.pa.stbler.trnprot	0
TTXCLOSED	Teller Transaction file [TTX] is closed for <<$ZD(TJD)>>.	1	300	sanchez.pa.stbler.ttxclosed	1
TTXLOK	TTX file locked by another user - job aborted	1	300	sanchez.pa.stbler.ttxlok	1
TYPECLS	Product class cannot be changed	1	300	sanchez.pa.stbler.typecls	0
TYPEGRP	Invalid GRP resulting from invalid change to TYPE	1	300	sanchez.pa.stbler.typegrp	0
TYPEPRM	Distinct processing parameters prohibit product transfer	1	300	sanchez.pa.stbler.typeprm	0
UAVB1	Start date precedes date of last history purge	1	300	sanchez.pa.stbler.uavb1	0
UAVB2	Interest index has been file maintained	1	300	sanchez.pa.stbler.uavb2	0
UAVB3	End date precedes start date	1	300	sanchez.pa.stbler.uavb3	0
UFRE001	Enter four-digit year	1	300	sanchez.pa.stbler.ufre001	0
UFRE002	Cannot enter another type 2 frequency	1	300	sanchez.pa.stbler.ufre002	0
UMFTCF	Use modify function to change flag	1	300	sanchez.pa.stbler.umftcf	0
UNAUTIO	Unauthorized device <<IO>>	1	300	sanchez.pa.stbler.unautio	0
UOTCTR	Use opposite transaction code to reverse this transaction	1	300	sanchez.pa.stbler.uotctr	0
UPDERR	Account not updated - record in use	1	300	sanchez.pa.stbler.upderr	1
VALIDCKNO	Enter a valid check number	1	300	sanchez.pa.stbler.validckno	0
WRNGCK	Wrong check type	1	300	sanchez.pa.stbler.wrngck	0
ZEROACR	Zero accrual balance - account not processed	1	300	sanchez.pa.stbler.zeroacr	0
ZEROAMT	Amount not greater than zero	1	300	sanchez.pa.stbler.zeroamt	0
